{"/Users/dotansimha/Dev/graphql-codegen/src/cli.ts": {"path":"/Users/dotansimha/Dev/graphql-codegen/src/cli.ts","statementMap":{"0":{"start":{"line":2,"column":16},"end":{"line":2,"column":36}},"1":{"start":{"line":3,"column":31},"end":{"line":3,"column":66}},"2":{"start":{"line":4,"column":32},"end":{"line":4,"column":68}},"3":{"start":{"line":5,"column":23},"end":{"line":5,"column":50}},"4":{"start":{"line":6,"column":24},"end":{"line":6,"column":52}},"5":{"start":{"line":7,"column":0},"end":{"line":19,"column":2}},"6":{"start":{"line":8,"column":4},"end":{"line":17,"column":21}},"7":{"start":{"line":18,"column":4},"end":{"line":18,"column":21}},"8":{"start":{"line":20,"column":0},"end":{"line":27,"column":2}},"9":{"start":{"line":21,"column":4},"end":{"line":23,"column":5}},"10":{"start":{"line":22,"column":8},"end":{"line":22,"column":25}},"11":{"start":{"line":24,"column":4},"end":{"line":24,"column":35}},"12":{"start":{"line":25,"column":4},"end":{"line":25,"column":20}},"13":{"start":{"line":26,"column":4},"end":{"line":26,"column":11}},"14":{"start":{"line":28,"column":0},"end":{"line":39,"column":2}},"15":{"start":{"line":29,"column":15},"end":{"line":29,"column":30}},"16":{"start":{"line":30,"column":14},"end":{"line":30,"column":28}},"17":{"start":{"line":31,"column":19},"end":{"line":31,"column":38}},"18":{"start":{"line":32,"column":14},"end":{"line":32,"column":28}},"19":{"start":{"line":33,"column":4},"end":{"line":35,"column":5}},"20":{"start":{"line":34,"column":8},"end":{"line":34,"column":73}},"21":{"start":{"line":36,"column":4},"end":{"line":38,"column":5}},"22":{"start":{"line":37,"column":8},"end":{"line":37,"column":84}},"23":{"start":{"line":40,"column":0},"end":{"line":73,"column":2}},"24":{"start":{"line":41,"column":15},"end":{"line":41,"column":30}},"25":{"start":{"line":42,"column":14},"end":{"line":42,"column":28}},"26":{"start":{"line":43,"column":20},"end":{"line":43,"column":41}},"27":{"start":{"line":44,"column":19},"end":{"line":44,"column":38}},"28":{"start":{"line":45,"column":14},"end":{"line":45,"column":28}},"29":{"start":{"line":46,"column":16},"end":{"line":46,"column":44}},"30":{"start":{"line":47,"column":17},"end":{"line":47,"column":19}},"31":{"start":{"line":49,"column":4},"end":{"line":51,"column":5}},"32":{"start":{"line":50,"column":8},"end":{"line":50,"column":77}},"33":{"start":{"line":52,"column":4},"end":{"line":57,"column":5}},"34":{"start":{"line":53,"column":8},"end":{"line":53,"column":85}},"35":{"start":{"line":55,"column":9},"end":{"line":57,"column":5}},"36":{"start":{"line":56,"column":8},"end":{"line":56,"column":82}},"37":{"start":{"line":58,"column":27},"end":{"line":58,"column":73}},"38":{"start":{"line":59,"column":35},"end":{"line":59,"column":83}},"39":{"start":{"line":60,"column":4},"end":{"line":72,"column":7}},"40":{"start":{"line":65,"column":28},"end":{"line":65,"column":33}},"41":{"start":{"line":65,"column":47},"end":{"line":65,"column":52}},"42":{"start":{"line":65,"column":74},"end":{"line":65,"column":79}},"43":{"start":{"line":66,"column":8},"end":{"line":66,"column":45}},"44":{"start":{"line":67,"column":8},"end":{"line":67,"column":37}},"45":{"start":{"line":68,"column":8},"end":{"line":68,"column":44}},"46":{"start":{"line":69,"column":8},"end":{"line":69,"column":29}},"47":{"start":{"line":70,"column":8},"end":{"line":70,"column":29}},"48":{"start":{"line":71,"column":8},"end":{"line":71,"column":22}}},"fnMap":{"0":{"name":"(anonymous_0)","decl":{"start":{"line":7,"column":18},"end":{"line":7,"column":19}},"loc":{"start":{"line":7,"column":34},"end":{"line":19,"column":1}}},"1":{"name":"(anonymous_1)","decl":{"start":{"line":20,"column":19},"end":{"line":20,"column":20}},"loc":{"start":{"line":20,"column":34},"end":{"line":27,"column":1}}},"2":{"name":"(anonymous_2)","decl":{"start":{"line":28,"column":29},"end":{"line":28,"column":30}},"loc":{"start":{"line":28,"column":48},"end":{"line":39,"column":1}}},"3":{"name":"(anonymous_3)","decl":{"start":{"line":40,"column":27},"end":{"line":40,"column":28}},"loc":{"start":{"line":40,"column":46},"end":{"line":73,"column":1}}},"4":{"name":"(anonymous_4)","decl":{"start":{"line":64,"column":12},"end":{"line":64,"column":13}},"loc":{"start":{"line":64,"column":26},"end":{"line":72,"column":5}}}},"branchMap":{"0":{"loc":{"start":{"line":21,"column":4},"end":{"line":23,"column":5}},"type":"if","locations":[{"start":{"line":21,"column":4},"end":{"line":23,"column":5}},{"start":{"line":21,"column":4},"end":{"line":23,"column":5}}]},"1":{"loc":{"start":{"line":33,"column":4},"end":{"line":35,"column":5}},"type":"if","locations":[{"start":{"line":33,"column":4},"end":{"line":35,"column":5}},{"start":{"line":33,"column":4},"end":{"line":35,"column":5}}]},"2":{"loc":{"start":{"line":33,"column":8},"end":{"line":33,"column":21}},"type":"binary-expr","locations":[{"start":{"line":33,"column":8},"end":{"line":33,"column":13}},{"start":{"line":33,"column":17},"end":{"line":33,"column":21}}]},"3":{"loc":{"start":{"line":36,"column":4},"end":{"line":38,"column":5}},"type":"if","locations":[{"start":{"line":36,"column":4},"end":{"line":38,"column":5}},{"start":{"line":36,"column":4},"end":{"line":38,"column":5}}]},"4":{"loc":{"start":{"line":43,"column":20},"end":{"line":43,"column":41}},"type":"binary-expr","locations":[{"start":{"line":43,"column":20},"end":{"line":43,"column":35}},{"start":{"line":43,"column":39},"end":{"line":43,"column":41}}]},"5":{"loc":{"start":{"line":49,"column":4},"end":{"line":51,"column":5}},"type":"if","locations":[{"start":{"line":49,"column":4},"end":{"line":51,"column":5}},{"start":{"line":49,"column":4},"end":{"line":51,"column":5}}]},"6":{"loc":{"start":{"line":52,"column":4},"end":{"line":57,"column":5}},"type":"if","locations":[{"start":{"line":52,"column":4},"end":{"line":57,"column":5}},{"start":{"line":52,"column":4},"end":{"line":57,"column":5}}]},"7":{"loc":{"start":{"line":55,"column":9},"end":{"line":57,"column":5}},"type":"if","locations":[{"start":{"line":55,"column":9},"end":{"line":57,"column":5}},{"start":{"line":55,"column":9},"end":{"line":57,"column":5}}]}},"s":{"0":0,"1":0,"2":0,"3":0,"4":0,"5":0,"6":0,"7":0,"8":0,"9":0,"10":0,"11":0,"12":0,"13":0,"14":0,"15":0,"16":0,"17":0,"18":0,"19":0,"20":0,"21":0,"22":0,"23":0,"24":0,"25":0,"26":0,"27":0,"28":0,"29":0,"30":0,"31":0,"32":0,"33":0,"34":0,"35":0,"36":0,"37":0,"38":0,"39":0,"40":0,"41":0,"42":0,"43":0,"44":0,"45":0,"46":0,"47":0,"48":0},"f":{"0":0,"1":0,"2":0,"3":0,"4":0},"b":{"0":[0,0],"1":[0,0],"2":[0,0],"3":[0,0],"4":[0,0],"5":[0,0],"6":[0,0],"7":[0,0]}}
,"/Users/dotansimha/Dev/graphql-codegen/src/codegen.ts": {"path":"/Users/dotansimha/Dev/graphql-codegen/src/codegen.ts","statementMap":{"0":{"start":{"line":2,"column":16},"end":{"line":2,"column":34}},"1":{"start":{"line":3,"column":22},"end":{"line":3,"column":48}},"2":{"start":{"line":4,"column":26},"end":{"line":4,"column":56}},"3":{"start":{"line":5,"column":25},"end":{"line":5,"column":54}},"4":{"start":{"line":6,"column":0},"end":{"line":30,"column":2}},"5":{"start":{"line":7,"column":4},"end":{"line":7,"column":57}},"6":{"start":{"line":7,"column":36},"end":{"line":7,"column":55}},"7":{"start":{"line":8,"column":17},"end":{"line":8,"column":19}},"8":{"start":{"line":9,"column":20},"end":{"line":9,"column":22}},"9":{"start":{"line":10,"column":19},"end":{"line":10,"column":38}},"10":{"start":{"line":11,"column":4},"end":{"line":13,"column":7}},"11":{"start":{"line":12,"column":8},"end":{"line":12,"column":83}},"12":{"start":{"line":14,"column":4},"end":{"line":25,"column":7}},"13":{"start":{"line":15,"column":8},"end":{"line":24,"column":9}},"14":{"start":{"line":17,"column":16},"end":{"line":17,"column":103}},"15":{"start":{"line":18,"column":16},"end":{"line":18,"column":22}},"16":{"start":{"line":20,"column":16},"end":{"line":20,"column":101}},"17":{"start":{"line":21,"column":16},"end":{"line":21,"column":22}},"18":{"start":{"line":23,"column":16},"end":{"line":23,"column":22}},"19":{"start":{"line":26,"column":4},"end":{"line":29,"column":6}},"20":{"start":{"line":27,"column":48},"end":{"line":27,"column":60}},"21":{"start":{"line":28,"column":54},"end":{"line":28,"column":66}}},"fnMap":{"0":{"name":"(anonymous_0)","decl":{"start":{"line":6,"column":25},"end":{"line":6,"column":26}},"loc":{"start":{"line":6,"column":68},"end":{"line":30,"column":1}}},"1":{"name":"(anonymous_1)","decl":{"start":{"line":11,"column":34},"end":{"line":11,"column":35}},"loc":{"start":{"line":11,"column":54},"end":{"line":13,"column":5}}},"2":{"name":"(anonymous_2)","decl":{"start":{"line":14,"column":33},"end":{"line":14,"column":34}},"loc":{"start":{"line":14,"column":55},"end":{"line":25,"column":5}}},"3":{"name":"(anonymous_3)","decl":{"start":{"line":27,"column":30},"end":{"line":27,"column":31}},"loc":{"start":{"line":27,"column":46},"end":{"line":27,"column":62}}},"4":{"name":"(anonymous_4)","decl":{"start":{"line":28,"column":36},"end":{"line":28,"column":37}},"loc":{"start":{"line":28,"column":52},"end":{"line":28,"column":68}}}},"branchMap":{"0":{"loc":{"start":{"line":7,"column":4},"end":{"line":7,"column":57}},"type":"if","locations":[{"start":{"line":7,"column":4},"end":{"line":7,"column":57}},{"start":{"line":7,"column":4},"end":{"line":7,"column":57}}]},"1":{"loc":{"start":{"line":15,"column":8},"end":{"line":24,"column":9}},"type":"switch","locations":[{"start":{"line":16,"column":12},"end":{"line":18,"column":22}},{"start":{"line":19,"column":12},"end":{"line":21,"column":22}},{"start":{"line":22,"column":12},"end":{"line":23,"column":22}}]}},"s":{"0":0,"1":0,"2":0,"3":0,"4":0,"5":0,"6":0,"7":0,"8":0,"9":0,"10":0,"11":0,"12":0,"13":0,"14":0,"15":0,"16":0,"17":0,"18":0,"19":0,"20":0,"21":0},"f":{"0":0,"1":0,"2":0,"3":0,"4":0},"b":{"0":[0,0],"1":[0,0,0]}}
,"/Users/dotansimha/Dev/graphql-codegen/src/document-loader.ts": {"path":"/Users/dotansimha/Dev/graphql-codegen/src/document-loader.ts","statementMap":{"0":{"start":{"line":2,"column":16},"end":{"line":2,"column":34}},"1":{"start":{"line":3,"column":9},"end":{"line":3,"column":22}},"2":{"start":{"line":4,"column":0},"end":{"line":11,"column":2}},"3":{"start":{"line":5,"column":4},"end":{"line":10,"column":5}},"4":{"start":{"line":6,"column":8},"end":{"line":6,"column":98}},"5":{"start":{"line":9,"column":8},"end":{"line":9,"column":75}},"6":{"start":{"line":12,"column":0},"end":{"line":14,"column":2}},"7":{"start":{"line":13,"column":4},"end":{"line":13,"column":71}}},"fnMap":{"0":{"name":"(anonymous_0)","decl":{"start":{"line":4,"column":26},"end":{"line":4,"column":27}},"loc":{"start":{"line":4,"column":46},"end":{"line":11,"column":1}}},"1":{"name":"(anonymous_1)","decl":{"start":{"line":12,"column":31},"end":{"line":12,"column":32}},"loc":{"start":{"line":12,"column":52},"end":{"line":14,"column":1}}}},"branchMap":{"0":{"loc":{"start":{"line":5,"column":4},"end":{"line":10,"column":5}},"type":"if","locations":[{"start":{"line":5,"column":4},"end":{"line":10,"column":5}},{"start":{"line":5,"column":4},"end":{"line":10,"column":5}}]}},"s":{"0":4,"1":4,"2":4,"3":19,"4":17,"5":2,"6":4,"7":9},"f":{"0":19,"1":9},"b":{"0":[17,2]},"_coverageSchema":"332fd63041d2c1bcb487cc26dd0d5f7d97098a6c","hash":"980c341c789e86265f1d6daa71e0494996dd32f6"}
,"/Users/dotansimha/Dev/graphql-codegen/src/documents-glob.ts": {"path":"/Users/dotansimha/Dev/graphql-codegen/src/documents-glob.ts","statementMap":{"0":{"start":{"line":2,"column":11},"end":{"line":2,"column":26}},"1":{"start":{"line":3,"column":0},"end":{"line":22,"column":2}},"2":{"start":{"line":4,"column":4},"end":{"line":21,"column":7}},"3":{"start":{"line":5,"column":8},"end":{"line":15,"column":11}},"4":{"start":{"line":6,"column":12},"end":{"line":14,"column":15}},"5":{"start":{"line":7,"column":16},"end":{"line":9,"column":17}},"6":{"start":{"line":8,"column":20},"end":{"line":8,"column":32}},"7":{"start":{"line":10,"column":16},"end":{"line":12,"column":17}},"8":{"start":{"line":11,"column":20},"end":{"line":11,"column":95}},"9":{"start":{"line":13,"column":16},"end":{"line":13,"column":31}},"10":{"start":{"line":18,"column":8},"end":{"line":20,"column":11}},"11":{"start":{"line":19,"column":12},"end":{"line":19,"column":31}}},"fnMap":{"0":{"name":"(anonymous_0)","decl":{"start":{"line":3,"column":29},"end":{"line":3,"column":30}},"loc":{"start":{"line":3,"column":50},"end":{"line":22,"column":1}}},"1":{"name":"(anonymous_1)","decl":{"start":{"line":4,"column":37},"end":{"line":4,"column":38}},"loc":{"start":{"line":4,"column":61},"end":{"line":16,"column":5}}},"2":{"name":"(anonymous_2)","decl":{"start":{"line":5,"column":27},"end":{"line":5,"column":28}},"loc":{"start":{"line":5,"column":54},"end":{"line":15,"column":9}}},"3":{"name":"(anonymous_3)","decl":{"start":{"line":6,"column":31},"end":{"line":6,"column":32}},"loc":{"start":{"line":6,"column":53},"end":{"line":14,"column":13}}},"4":{"name":"(anonymous_4)","decl":{"start":{"line":17,"column":14},"end":{"line":17,"column":15}},"loc":{"start":{"line":17,"column":31},"end":{"line":21,"column":5}}},"5":{"name":"(anonymous_5)","decl":{"start":{"line":18,"column":54},"end":{"line":18,"column":55}},"loc":{"start":{"line":18,"column":70},"end":{"line":20,"column":9}}}},"branchMap":{"0":{"loc":{"start":{"line":7,"column":16},"end":{"line":9,"column":17}},"type":"if","locations":[{"start":{"line":7,"column":16},"end":{"line":9,"column":17}},{"start":{"line":7,"column":16},"end":{"line":9,"column":17}}]},"1":{"loc":{"start":{"line":10,"column":16},"end":{"line":12,"column":17}},"type":"if","locations":[{"start":{"line":10,"column":16},"end":{"line":12,"column":17}},{"start":{"line":10,"column":16},"end":{"line":12,"column":17}}]},"2":{"loc":{"start":{"line":10,"column":20},"end":{"line":10,"column":48}},"type":"binary-expr","locations":[{"start":{"line":10,"column":20},"end":{"line":10,"column":26}},{"start":{"line":10,"column":30},"end":{"line":10,"column":48}}]},"3":{"loc":{"start":{"line":18,"column":15},"end":{"line":20,"column":10}},"type":"cond-expr","locations":[{"start":{"line":18,"column":36},"end":{"line":18,"column":38}},{"start":{"line":18,"column":41},"end":{"line":20,"column":10}}]}},"s":{"0":0,"1":0,"2":0,"3":0,"4":0,"5":0,"6":0,"7":0,"8":0,"9":0,"10":0,"11":0},"f":{"0":0,"1":0,"2":0,"3":0,"4":0,"5":0},"b":{"0":[0,0],"1":[0,0],"2":[0,0],"3":[0,0]}}
,"/Users/dotansimha/Dev/graphql-codegen/src/fragment-handler.ts": {"path":"/Users/dotansimha/Dev/graphql-codegen/src/fragment-handler.ts","statementMap":{"0":{"start":{"line":2,"column":17},"end":{"line":2,"column":39}},"1":{"start":{"line":3,"column":20},"end":{"line":3,"column":60}},"2":{"start":{"line":4,"column":16},"end":{"line":4,"column":51}},"3":{"start":{"line":5,"column":28},"end":{"line":5,"column":60}},"4":{"start":{"line":6,"column":0},"end":{"line":33,"column":2}},"5":{"start":{"line":7,"column":18},"end":{"line":7,"column":41}},"6":{"start":{"line":8,"column":23},"end":{"line":8,"column":42}},"7":{"start":{"line":9,"column":17},"end":{"line":21,"column":5}},"8":{"start":{"line":22,"column":19},"end":{"line":28,"column":5}},"9":{"start":{"line":29,"column":15},"end":{"line":29,"column":76}},"10":{"start":{"line":30,"column":4},"end":{"line":30,"column":153}},"11":{"start":{"line":31,"column":4},"end":{"line":31,"column":56}},"12":{"start":{"line":32,"column":4},"end":{"line":32,"column":18}}},"fnMap":{"0":{"name":"(anonymous_0)","decl":{"start":{"line":6,"column":25},"end":{"line":6,"column":26}},"loc":{"start":{"line":6,"column":72},"end":{"line":33,"column":1}}}},"branchMap":{},"s":{"0":1,"1":1,"2":1,"3":1,"4":1,"5":12,"6":12,"7":12,"8":12,"9":12,"10":12,"11":12,"12":12},"f":{"0":12},"b":{},"_coverageSchema":"332fd63041d2c1bcb487cc26dd0d5f7d97098a6c","hash":"dcf5c714c04b2605359abf32034f271e6ee7629f"}
,"/Users/dotansimha/Dev/graphql-codegen/src/index.ts": {"path":"/Users/dotansimha/Dev/graphql-codegen/src/index.ts","statementMap":{"0":{"start":{"line":3,"column":12},"end":{"line":3,"column":28}},"1":{"start":{"line":4,"column":22},"end":{"line":4,"column":48}},"2":{"start":{"line":5,"column":16},"end":{"line":5,"column":36}},"3":{"start":{"line":6,"column":24},"end":{"line":6,"column":52}},"4":{"start":{"line":7,"column":24},"end":{"line":7,"column":52}},"5":{"start":{"line":8,"column":9},"end":{"line":8,"column":22}},"6":{"start":{"line":9,"column":11},"end":{"line":9,"column":26}},"7":{"start":{"line":10,"column":13},"end":{"line":10,"column":30}},"8":{"start":{"line":11,"column":27},"end":{"line":11,"column":58}},"9":{"start":{"line":12,"column":14},"end":{"line":12,"column":41}},"10":{"start":{"line":13,"column":0},"end":{"line":13,"column":34}},"11":{"start":{"line":14,"column":0},"end":{"line":103,"column":27}},"12":{"start":{"line":16,"column":4},"end":{"line":16,"column":39}},"13":{"start":{"line":17,"column":17},"end":{"line":17,"column":77}},"14":{"start":{"line":18,"column":20},"end":{"line":18,"column":48}},"15":{"start":{"line":19,"column":18},"end":{"line":19,"column":148}},"16":{"start":{"line":20,"column":25},"end":{"line":20,"column":59}},"17":{"start":{"line":21,"column":19},"end":{"line":21,"column":59}},"18":{"start":{"line":22,"column":22},"end":{"line":22,"column":63}},"19":{"start":{"line":23,"column":4},"end":{"line":89,"column":5}},"20":{"start":{"line":24,"column":8},"end":{"line":26,"column":9}},"21":{"start":{"line":25,"column":12},"end":{"line":25,"column":148}},"22":{"start":{"line":27,"column":27},"end":{"line":27,"column":140}},"23":{"start":{"line":28,"column":22},"end":{"line":28,"column":62}},"24":{"start":{"line":29,"column":21},"end":{"line":29,"column":42}},"25":{"start":{"line":30,"column":8},"end":{"line":30,"column":28}},"26":{"start":{"line":31,"column":8},"end":{"line":35,"column":15}},"27":{"start":{"line":37,"column":9},"end":{"line":89,"column":5}},"28":{"start":{"line":38,"column":8},"end":{"line":40,"column":9}},"29":{"start":{"line":39,"column":12},"end":{"line":39,"column":152}},"30":{"start":{"line":41,"column":27},"end":{"line":41,"column":29}},"31":{"start":{"line":42,"column":31},"end":{"line":42,"column":80}},"32":{"start":{"line":43,"column":26},"end":{"line":43,"column":70}},"33":{"start":{"line":44,"column":22},"end":{"line":44,"column":62}},"34":{"start":{"line":45,"column":8},"end":{"line":45,"column":29}},"35":{"start":{"line":46,"column":8},"end":{"line":66,"column":11}},"36":{"start":{"line":47,"column":31},"end":{"line":47,"column":126}},"37":{"start":{"line":48,"column":12},"end":{"line":56,"column":13}},"38":{"start":{"line":49,"column":16},"end":{"line":55,"column":19}},"39":{"start":{"line":50,"column":20},"end":{"line":54,"column":23}},"40":{"start":{"line":57,"column":12},"end":{"line":65,"column":13}},"41":{"start":{"line":58,"column":16},"end":{"line":64,"column":19}},"42":{"start":{"line":59,"column":20},"end":{"line":63,"column":23}},"43":{"start":{"line":67,"column":8},"end":{"line":67,"column":96}},"44":{"start":{"line":67,"column":61},"end":{"line":67,"column":92}},"45":{"start":{"line":68,"column":8},"end":{"line":84,"column":9}},"46":{"start":{"line":69,"column":34},"end":{"line":69,"column":74}},"47":{"start":{"line":70,"column":31},"end":{"line":70,"column":89}},"48":{"start":{"line":71,"column":31},"end":{"line":71,"column":110}},"49":{"start":{"line":72,"column":12},"end":{"line":83,"column":15}},"50":{"start":{"line":75,"column":24},"end":{"line":80,"column":26}},"51":{"start":{"line":85,"column":8},"end":{"line":85,"column":28}},"52":{"start":{"line":88,"column":8},"end":{"line":88,"column":123}},"53":{"start":{"line":92,"column":4},"end":{"line":101,"column":7}},"54":{"start":{"line":93,"column":8},"end":{"line":100,"column":9}},"55":{"start":{"line":94,"column":12},"end":{"line":94,"column":83}},"56":{"start":{"line":95,"column":12},"end":{"line":95,"column":38}},"57":{"start":{"line":98,"column":12},"end":{"line":98,"column":54}},"58":{"start":{"line":99,"column":12},"end":{"line":99,"column":66}}},"fnMap":{"0":{"name":"(anonymous_0)","decl":{"start":{"line":15,"column":10},"end":{"line":15,"column":11}},"loc":{"start":{"line":15,"column":40},"end":{"line":90,"column":1}}},"1":{"name":"(anonymous_1)","decl":{"start":{"line":46,"column":41},"end":{"line":46,"column":42}},"loc":{"start":{"line":46,"column":65},"end":{"line":66,"column":9}}},"2":{"name":"(anonymous_2)","decl":{"start":{"line":49,"column":39},"end":{"line":49,"column":40}},"loc":{"start":{"line":49,"column":56},"end":{"line":55,"column":17}}},"3":{"name":"(anonymous_3)","decl":{"start":{"line":58,"column":42},"end":{"line":58,"column":43}},"loc":{"start":{"line":58,"column":62},"end":{"line":64,"column":17}}},"4":{"name":"(anonymous_4)","decl":{"start":{"line":67,"column":43},"end":{"line":67,"column":44}},"loc":{"start":{"line":67,"column":59},"end":{"line":67,"column":94}}},"5":{"name":"(anonymous_5)","decl":{"start":{"line":74,"column":85},"end":{"line":74,"column":86}},"loc":{"start":{"line":74,"column":101},"end":{"line":81,"column":21}}},"6":{"name":"(anonymous_6)","decl":{"start":{"line":91,"column":10},"end":{"line":91,"column":11}},"loc":{"start":{"line":91,"column":38},"end":{"line":102,"column":1}}},"7":{"name":"(anonymous_7)","decl":{"start":{"line":92,"column":29},"end":{"line":92,"column":30}},"loc":{"start":{"line":92,"column":45},"end":{"line":101,"column":5}}}},"branchMap":{"0":{"loc":{"start":{"line":21,"column":19},"end":{"line":21,"column":59}},"type":"binary-expr","locations":[{"start":{"line":21,"column":19},"end":{"line":21,"column":42}},{"start":{"line":21,"column":46},"end":{"line":21,"column":59}}]},"1":{"loc":{"start":{"line":23,"column":4},"end":{"line":89,"column":5}},"type":"if","locations":[{"start":{"line":23,"column":4},"end":{"line":89,"column":5}},{"start":{"line":23,"column":4},"end":{"line":89,"column":5}}]},"2":{"loc":{"start":{"line":24,"column":8},"end":{"line":26,"column":9}},"type":"if","locations":[{"start":{"line":24,"column":8},"end":{"line":26,"column":9}},{"start":{"line":24,"column":8},"end":{"line":26,"column":9}}]},"3":{"loc":{"start":{"line":37,"column":9},"end":{"line":89,"column":5}},"type":"if","locations":[{"start":{"line":37,"column":9},"end":{"line":89,"column":5}},{"start":{"line":37,"column":9},"end":{"line":89,"column":5}}]},"4":{"loc":{"start":{"line":38,"column":8},"end":{"line":40,"column":9}},"type":"if","locations":[{"start":{"line":38,"column":8},"end":{"line":40,"column":9}},{"start":{"line":38,"column":8},"end":{"line":40,"column":9}}]},"5":{"loc":{"start":{"line":48,"column":12},"end":{"line":56,"column":13}},"type":"if","locations":[{"start":{"line":48,"column":12},"end":{"line":56,"column":13}},{"start":{"line":48,"column":12},"end":{"line":56,"column":13}}]},"6":{"loc":{"start":{"line":57,"column":12},"end":{"line":65,"column":13}},"type":"if","locations":[{"start":{"line":57,"column":12},"end":{"line":65,"column":13}},{"start":{"line":57,"column":12},"end":{"line":65,"column":13}}]},"7":{"loc":{"start":{"line":68,"column":8},"end":{"line":84,"column":9}},"type":"if","locations":[{"start":{"line":68,"column":8},"end":{"line":84,"column":9}},{"start":{"line":68,"column":8},"end":{"line":84,"column":9}}]},"8":{"loc":{"start":{"line":93,"column":8},"end":{"line":100,"column":9}},"type":"if","locations":[{"start":{"line":93,"column":8},"end":{"line":100,"column":9}},{"start":{"line":93,"column":8},"end":{"line":100,"column":9}}]}},"s":{"0":0,"1":0,"2":0,"3":0,"4":0,"5":0,"6":0,"7":0,"8":0,"9":0,"10":0,"11":0,"12":0,"13":0,"14":0,"15":0,"16":0,"17":0,"18":0,"19":0,"20":0,"21":0,"22":0,"23":0,"24":0,"25":0,"26":0,"27":0,"28":0,"29":0,"30":0,"31":0,"32":0,"33":0,"34":0,"35":0,"36":0,"37":0,"38":0,"39":0,"40":0,"41":0,"42":0,"43":0,"44":0,"45":0,"46":0,"47":0,"48":0,"49":0,"50":0,"51":0,"52":0,"53":0,"54":0,"55":0,"56":0,"57":0,"58":0},"f":{"0":0,"1":0,"2":0,"3":0,"4":0,"5":0,"6":0,"7":0},"b":{"0":[0,0],"1":[0,0],"2":[0,0],"3":[0,0],"4":[0,0],"5":[0,0],"6":[0,0],"7":[0,0],"8":[0,0]}}
,"/Users/dotansimha/Dev/graphql-codegen/src/inner-models-builer.ts": {"path":"/Users/dotansimha/Dev/graphql-codegen/src/inner-models-builer.ts","statementMap":{"0":{"start":{"line":2,"column":19},"end":{"line":2,"column":53}},"1":{"start":{"line":3,"column":14},"end":{"line":3,"column":47}},"2":{"start":{"line":4,"column":14},"end":{"line":4,"column":32}},"3":{"start":{"line":5,"column":17},"end":{"line":5,"column":39}},"4":{"start":{"line":6,"column":20},"end":{"line":6,"column":60}},"5":{"start":{"line":7,"column":0},"end":{"line":80,"column":2}},"6":{"start":{"line":8,"column":4},"end":{"line":8,"column":43}},"7":{"start":{"line":8,"column":29},"end":{"line":8,"column":41}},"8":{"start":{"line":9,"column":4},"end":{"line":78,"column":7}},"9":{"start":{"line":10,"column":8},"end":{"line":77,"column":9}},"10":{"start":{"line":12,"column":32},"end":{"line":12,"column":56}},"11":{"start":{"line":13,"column":35},"end":{"line":13,"column":94}},"12":{"start":{"line":14,"column":28},"end":{"line":14,"column":74}},"13":{"start":{"line":15,"column":30},"end":{"line":15,"column":40}},"14":{"start":{"line":16,"column":33},"end":{"line":16,"column":67}},"15":{"start":{"line":17,"column":16},"end":{"line":51,"column":17}},"16":{"start":{"line":18,"column":36},"end":{"line":18,"column":97}},"17":{"start":{"line":19,"column":32},"end":{"line":24,"column":21}},"18":{"start":{"line":25,"column":20},"end":{"line":25,"column":39}},"19":{"start":{"line":26,"column":20},"end":{"line":26,"column":128}},"20":{"start":{"line":27,"column":20},"end":{"line":36,"column":21}},"21":{"start":{"line":29,"column":24},"end":{"line":34,"column":26}},"22":{"start":{"line":35,"column":24},"end":{"line":35,"column":46}},"23":{"start":{"line":37,"column":20},"end":{"line":42,"column":23}},"24":{"start":{"line":45,"column":20},"end":{"line":50,"column":23}},"25":{"start":{"line":52,"column":16},"end":{"line":52,"column":22}},"26":{"start":{"line":54,"column":35},"end":{"line":54,"column":59}},"27":{"start":{"line":55,"column":16},"end":{"line":55,"column":70}},"28":{"start":{"line":56,"column":16},"end":{"line":56,"column":76}},"29":{"start":{"line":57,"column":16},"end":{"line":57,"column":22}},"30":{"start":{"line":59,"column":27},"end":{"line":59,"column":89}},"31":{"start":{"line":60,"column":27},"end":{"line":60,"column":84}},"32":{"start":{"line":61,"column":36},"end":{"line":66,"column":17}},"33":{"start":{"line":67,"column":16},"end":{"line":70,"column":19}},"34":{"start":{"line":71,"column":16},"end":{"line":71,"column":82}},"35":{"start":{"line":72,"column":16},"end":{"line":72,"column":43}},"36":{"start":{"line":73,"column":16},"end":{"line":73,"column":126}},"37":{"start":{"line":74,"column":16},"end":{"line":74,"column":22}},"38":{"start":{"line":76,"column":16},"end":{"line":76,"column":22}},"39":{"start":{"line":79,"column":4},"end":{"line":79,"column":18}}},"fnMap":{"0":{"name":"(anonymous_0)","decl":{"start":{"line":7,"column":32},"end":{"line":7,"column":33}},"loc":{"start":{"line":7,"column":107},"end":{"line":80,"column":1}}},"1":{"name":"(anonymous_1)","decl":{"start":{"line":9,"column":54},"end":{"line":9,"column":55}},"loc":{"start":{"line":9,"column":79},"end":{"line":78,"column":5}}}},"branchMap":{"0":{"loc":{"start":{"line":8,"column":4},"end":{"line":8,"column":43}},"type":"if","locations":[{"start":{"line":8,"column":4},"end":{"line":8,"column":43}},{"start":{"line":8,"column":4},"end":{"line":8,"column":43}}]},"1":{"loc":{"start":{"line":9,"column":5},"end":{"line":9,"column":44}},"type":"cond-expr","locations":[{"start":{"line":9,"column":18},"end":{"line":9,"column":39}},{"start":{"line":9,"column":42},"end":{"line":9,"column":44}}]},"2":{"loc":{"start":{"line":10,"column":8},"end":{"line":77,"column":9}},"type":"switch","locations":[{"start":{"line":11,"column":12},"end":{"line":52,"column":22}},{"start":{"line":53,"column":12},"end":{"line":57,"column":22}},{"start":{"line":58,"column":12},"end":{"line":74,"column":22}},{"start":{"line":75,"column":12},"end":{"line":76,"column":22}}]},"3":{"loc":{"start":{"line":13,"column":35},"end":{"line":13,"column":94}},"type":"cond-expr","locations":[{"start":{"line":13,"column":57},"end":{"line":13,"column":82}},{"start":{"line":13,"column":85},"end":{"line":13,"column":94}}]},"4":{"loc":{"start":{"line":17,"column":16},"end":{"line":51,"column":17}},"type":"if","locations":[{"start":{"line":17,"column":16},"end":{"line":51,"column":17}},{"start":{"line":17,"column":16},"end":{"line":51,"column":17}}]},"5":{"loc":{"start":{"line":27,"column":20},"end":{"line":36,"column":21}},"type":"if","locations":[{"start":{"line":27,"column":20},"end":{"line":36,"column":21}},{"start":{"line":27,"column":20},"end":{"line":36,"column":21}}]}},"s":{"0":2,"1":2,"2":2,"3":2,"4":2,"5":2,"6":67,"7":19,"8":67,"9":161,"10":151,"11":151,"12":151,"13":151,"14":151,"15":151,"16":45,"17":45,"18":45,"19":45,"20":45,"21":7,"22":7,"23":45,"24":106,"25":151,"26":7,"27":7,"28":7,"29":7,"30":3,"31":3,"32":3,"33":3,"34":3,"35":3,"36":3,"37":3,"38":0,"39":67},"f":{"0":67,"1":161},"b":{"0":[19,48],"1":[67,0],"2":[151,7,3,0],"3":[0,151],"4":[45,106],"5":[7,38]},"_coverageSchema":"332fd63041d2c1bcb487cc26dd0d5f7d97098a6c","hash":"2275a246259626cc6d21c8dc34ff40a73399e961"}
,"/Users/dotansimha/Dev/graphql-codegen/src/interfaces.ts": {"path":"/Users/dotansimha/Dev/graphql-codegen/src/interfaces.ts","statementMap":{},"fnMap":{},"branchMap":{},"s":{},"f":{},"b":{}}
,"/Users/dotansimha/Dev/graphql-codegen/src/introspection-from-file.ts": {"path":"/Users/dotansimha/Dev/graphql-codegen/src/introspection-from-file.ts","statementMap":{"0":{"start":{"line":2,"column":9},"end":{"line":2,"column":22}},"1":{"start":{"line":3,"column":0},"end":{"line":21,"column":2}},"2":{"start":{"line":4,"column":4},"end":{"line":20,"column":7}},"3":{"start":{"line":5,"column":8},"end":{"line":19,"column":9}},"4":{"start":{"line":6,"column":12},"end":{"line":15,"column":13}},"5":{"start":{"line":7,"column":34},"end":{"line":7,"column":63}},"6":{"start":{"line":8,"column":16},"end":{"line":10,"column":17}},"7":{"start":{"line":9,"column":20},"end":{"line":9,"column":79}},"8":{"start":{"line":11,"column":16},"end":{"line":11,"column":49}},"9":{"start":{"line":14,"column":16},"end":{"line":14,"column":26}},"10":{"start":{"line":18,"column":12},"end":{"line":18,"column":73}}},"fnMap":{"0":{"name":"(anonymous_0)","decl":{"start":{"line":3,"column":32},"end":{"line":3,"column":33}},"loc":{"start":{"line":3,"column":48},"end":{"line":21,"column":1}}},"1":{"name":"(anonymous_1)","decl":{"start":{"line":4,"column":23},"end":{"line":4,"column":24}},"loc":{"start":{"line":4,"column":50},"end":{"line":20,"column":5}}}},"branchMap":{"0":{"loc":{"start":{"line":5,"column":8},"end":{"line":19,"column":9}},"type":"if","locations":[{"start":{"line":5,"column":8},"end":{"line":19,"column":9}},{"start":{"line":5,"column":8},"end":{"line":19,"column":9}}]},"1":{"loc":{"start":{"line":8,"column":16},"end":{"line":10,"column":17}},"type":"if","locations":[{"start":{"line":8,"column":16},"end":{"line":10,"column":17}},{"start":{"line":8,"column":16},"end":{"line":10,"column":17}}]}},"s":{"0":0,"1":0,"2":0,"3":0,"4":0,"5":0,"6":0,"7":0,"8":0,"9":0,"10":0},"f":{"0":0,"1":0},"b":{"0":[0,0],"1":[0,0]}}
,"/Users/dotansimha/Dev/graphql-codegen/src/introspection-from-url.ts": {"path":"/Users/dotansimha/Dev/graphql-codegen/src/introspection-from-url.ts","statementMap":{"0":{"start":{"line":2,"column":14},"end":{"line":2,"column":32}},"1":{"start":{"line":3,"column":27},"end":{"line":3,"column":74}},"2":{"start":{"line":4,"column":0},"end":{"line":28,"column":2}},"3":{"start":{"line":5,"column":4},"end":{"line":27,"column":7}},"4":{"start":{"line":6,"column":8},"end":{"line":26,"column":11}},"5":{"start":{"line":16,"column":12},"end":{"line":19,"column":13}},"6":{"start":{"line":17,"column":16},"end":{"line":17,"column":28}},"7":{"start":{"line":18,"column":16},"end":{"line":18,"column":23}},"8":{"start":{"line":20,"column":27},"end":{"line":20,"column":36}},"9":{"start":{"line":21,"column":12},"end":{"line":24,"column":13}},"10":{"start":{"line":22,"column":16},"end":{"line":22,"column":141}},"11":{"start":{"line":22,"column":105},"end":{"line":22,"column":125}},"12":{"start":{"line":23,"column":16},"end":{"line":23,"column":23}},"13":{"start":{"line":25,"column":12},"end":{"line":25,"column":30}}},"fnMap":{"0":{"name":"(anonymous_0)","decl":{"start":{"line":4,"column":31},"end":{"line":4,"column":32}},"loc":{"start":{"line":4,"column":46},"end":{"line":28,"column":1}}},"1":{"name":"(anonymous_1)","decl":{"start":{"line":5,"column":23},"end":{"line":5,"column":24}},"loc":{"start":{"line":5,"column":50},"end":{"line":27,"column":5}}},"2":{"name":"(anonymous_2)","decl":{"start":{"line":15,"column":11},"end":{"line":15,"column":12}},"loc":{"start":{"line":15,"column":42},"end":{"line":26,"column":9}}},"3":{"name":"(anonymous_3)","decl":{"start":{"line":22,"column":87},"end":{"line":22,"column":88}},"loc":{"start":{"line":22,"column":103},"end":{"line":22,"column":127}}}},"branchMap":{"0":{"loc":{"start":{"line":16,"column":12},"end":{"line":19,"column":13}},"type":"if","locations":[{"start":{"line":16,"column":12},"end":{"line":19,"column":13}},{"start":{"line":16,"column":12},"end":{"line":19,"column":13}}]},"1":{"loc":{"start":{"line":21,"column":12},"end":{"line":24,"column":13}},"type":"if","locations":[{"start":{"line":21,"column":12},"end":{"line":24,"column":13}},{"start":{"line":21,"column":12},"end":{"line":24,"column":13}}]},"2":{"loc":{"start":{"line":21,"column":16},"end":{"line":21,"column":76}},"type":"binary-expr","locations":[{"start":{"line":21,"column":16},"end":{"line":21,"column":25}},{"start":{"line":21,"column":30},"end":{"line":21,"column":45}},{"start":{"line":21,"column":49},"end":{"line":21,"column":75}}]}},"s":{"0":0,"1":0,"2":0,"3":0,"4":0,"5":0,"6":0,"7":0,"8":0,"9":0,"10":0,"11":0,"12":0,"13":0},"f":{"0":0,"1":0,"2":0,"3":0},"b":{"0":[0,0],"1":[0,0],"2":[0,0,0]}}
,"/Users/dotansimha/Dev/graphql-codegen/src/model-handler.ts": {"path":"/Users/dotansimha/Dev/graphql-codegen/src/model-handler.ts","statementMap":{"0":{"start":{"line":2,"column":19},"end":{"line":2,"column":53}},"1":{"start":{"line":3,"column":14},"end":{"line":3,"column":32}},"2":{"start":{"line":4,"column":21},"end":{"line":4,"column":64}},"3":{"start":{"line":5,"column":0},"end":{"line":69,"column":2}},"4":{"start":{"line":6,"column":19},"end":{"line":6,"column":31}},"5":{"start":{"line":7,"column":22},"end":{"line":14,"column":5}},"6":{"start":{"line":15,"column":4},"end":{"line":68,"column":5}},"7":{"start":{"line":16,"column":8},"end":{"line":63,"column":9}},"8":{"start":{"line":17,"column":12},"end":{"line":17,"column":38}},"9":{"start":{"line":18,"column":12},"end":{"line":24,"column":15}},"10":{"start":{"line":19,"column":16},"end":{"line":23,"column":18}},"11":{"start":{"line":26,"column":13},"end":{"line":63,"column":9}},"12":{"start":{"line":27,"column":12},"end":{"line":27,"column":40}},"13":{"start":{"line":28,"column":27},"end":{"line":28,"column":43}},"14":{"start":{"line":29,"column":12},"end":{"line":34,"column":13}},"15":{"start":{"line":30,"column":16},"end":{"line":32,"column":19}},"16":{"start":{"line":31,"column":20},"end":{"line":31,"column":39}},"17":{"start":{"line":33,"column":16},"end":{"line":33,"column":100}},"18":{"start":{"line":35,"column":12},"end":{"line":49,"column":15}},"19":{"start":{"line":37,"column":44},"end":{"line":37,"column":71}},"20":{"start":{"line":39,"column":27},"end":{"line":39,"column":73}},"21":{"start":{"line":40,"column":16},"end":{"line":42,"column":17}},"22":{"start":{"line":41,"column":20},"end":{"line":41,"column":51}},"23":{"start":{"line":43,"column":16},"end":{"line":48,"column":18}},"24":{"start":{"line":51,"column":13},"end":{"line":63,"column":9}},"25":{"start":{"line":52,"column":12},"end":{"line":52,"column":53}},"26":{"start":{"line":53,"column":12},"end":{"line":53,"column":39}},"27":{"start":{"line":54,"column":12},"end":{"line":54,"column":41}},"28":{"start":{"line":55,"column":12},"end":{"line":55,"column":96}},"29":{"start":{"line":55,"column":75},"end":{"line":55,"column":92}},"30":{"start":{"line":56,"column":12},"end":{"line":56,"column":74}},"31":{"start":{"line":58,"column":13},"end":{"line":63,"column":9}},"32":{"start":{"line":59,"column":12},"end":{"line":59,"column":86}},"33":{"start":{"line":61,"column":13},"end":{"line":63,"column":9}},"34":{"start":{"line":62,"column":12},"end":{"line":62,"column":46}},"35":{"start":{"line":64,"column":8},"end":{"line":64,"column":27}},"36":{"start":{"line":67,"column":8},"end":{"line":67,"column":20}}},"fnMap":{"0":{"name":"(anonymous_0)","decl":{"start":{"line":5,"column":21},"end":{"line":5,"column":22}},"loc":{"start":{"line":5,"column":52},"end":{"line":69,"column":1}}},"1":{"name":"(anonymous_1)","decl":{"start":{"line":18,"column":58},"end":{"line":18,"column":59}},"loc":{"start":{"line":18,"column":78},"end":{"line":24,"column":13}}},"2":{"name":"(anonymous_2)","decl":{"start":{"line":30,"column":77},"end":{"line":30,"column":78}},"loc":{"start":{"line":30,"column":95},"end":{"line":32,"column":17}}},"3":{"name":"(anonymous_3)","decl":{"start":{"line":37,"column":21},"end":{"line":37,"column":22}},"loc":{"start":{"line":37,"column":42},"end":{"line":37,"column":73}}},"4":{"name":"(anonymous_4)","decl":{"start":{"line":38,"column":21},"end":{"line":38,"column":22}},"loc":{"start":{"line":38,"column":38},"end":{"line":49,"column":13}}},"5":{"name":"(anonymous_5)","decl":{"start":{"line":55,"column":57},"end":{"line":55,"column":58}},"loc":{"start":{"line":55,"column":73},"end":{"line":55,"column":94}}}},"branchMap":{"0":{"loc":{"start":{"line":15,"column":4},"end":{"line":68,"column":5}},"type":"if","locations":[{"start":{"line":15,"column":4},"end":{"line":68,"column":5}},{"start":{"line":15,"column":4},"end":{"line":68,"column":5}}]},"1":{"loc":{"start":{"line":16,"column":8},"end":{"line":63,"column":9}},"type":"if","locations":[{"start":{"line":16,"column":8},"end":{"line":63,"column":9}},{"start":{"line":16,"column":8},"end":{"line":63,"column":9}}]},"2":{"loc":{"start":{"line":26,"column":13},"end":{"line":63,"column":9}},"type":"if","locations":[{"start":{"line":26,"column":13},"end":{"line":63,"column":9}},{"start":{"line":26,"column":13},"end":{"line":63,"column":9}}]},"3":{"loc":{"start":{"line":26,"column":17},"end":{"line":26,"column":171}},"type":"binary-expr","locations":[{"start":{"line":26,"column":17},"end":{"line":26,"column":63}},{"start":{"line":26,"column":67},"end":{"line":26,"column":118}},{"start":{"line":26,"column":122},"end":{"line":26,"column":171}}]},"4":{"loc":{"start":{"line":29,"column":12},"end":{"line":34,"column":13}},"type":"if","locations":[{"start":{"line":29,"column":12},"end":{"line":34,"column":13}},{"start":{"line":29,"column":12},"end":{"line":34,"column":13}}]},"5":{"loc":{"start":{"line":40,"column":16},"end":{"line":42,"column":17}},"type":"if","locations":[{"start":{"line":40,"column":16},"end":{"line":42,"column":17}},{"start":{"line":40,"column":16},"end":{"line":42,"column":17}}]},"6":{"loc":{"start":{"line":51,"column":13},"end":{"line":63,"column":9}},"type":"if","locations":[{"start":{"line":51,"column":13},"end":{"line":63,"column":9}},{"start":{"line":51,"column":13},"end":{"line":63,"column":9}}]},"7":{"loc":{"start":{"line":52,"column":31},"end":{"line":52,"column":52}},"type":"binary-expr","locations":[{"start":{"line":52,"column":31},"end":{"line":52,"column":40}},{"start":{"line":52,"column":44},"end":{"line":52,"column":52}}]},"8":{"loc":{"start":{"line":58,"column":13},"end":{"line":63,"column":9}},"type":"if","locations":[{"start":{"line":58,"column":13},"end":{"line":63,"column":9}},{"start":{"line":58,"column":13},"end":{"line":63,"column":9}}]},"9":{"loc":{"start":{"line":58,"column":17},"end":{"line":58,"column":104}},"type":"binary-expr","locations":[{"start":{"line":58,"column":17},"end":{"line":58,"column":57}},{"start":{"line":58,"column":61},"end":{"line":58,"column":104}}]},"10":{"loc":{"start":{"line":61,"column":13},"end":{"line":63,"column":9}},"type":"if","locations":[{"start":{"line":61,"column":13},"end":{"line":63,"column":9}},{"start":{"line":61,"column":13},"end":{"line":63,"column":9}}]},"11":{"loc":{"start":{"line":61,"column":17},"end":{"line":61,"column":114}},"type":"binary-expr","locations":[{"start":{"line":61,"column":17},"end":{"line":61,"column":63}},{"start":{"line":61,"column":67},"end":{"line":61,"column":114}}]}},"s":{"0":1,"1":1,"2":1,"3":1,"4":2,"5":2,"6":2,"7":2,"8":0,"9":0,"10":0,"11":2,"12":2,"13":2,"14":2,"15":2,"16":0,"17":2,"18":2,"19":14,"20":14,"21":14,"22":2,"23":14,"24":0,"25":0,"26":0,"27":0,"28":0,"29":0,"30":0,"31":0,"32":0,"33":0,"34":0,"35":2,"36":0},"f":{"0":2,"1":0,"2":0,"3":14,"4":14,"5":0},"b":{"0":[2,0],"1":[0,2],"2":[2,0],"3":[2,0,0],"4":[2,0],"5":[2,12],"6":[0,0],"7":[0,0],"8":[0,0],"9":[0,0],"10":[0,0],"11":[0,0]},"_coverageSchema":"332fd63041d2c1bcb487cc26dd0d5f7d97098a6c","hash":"c68b4c799500369cf40ee92165acfdcf03153d32"}
,"/Users/dotansimha/Dev/graphql-codegen/src/operation-handler.ts": {"path":"/Users/dotansimha/Dev/graphql-codegen/src/operation-handler.ts","statementMap":{"0":{"start":{"line":2,"column":20},"end":{"line":2,"column":60}},"1":{"start":{"line":3,"column":14},"end":{"line":3,"column":32}},"2":{"start":{"line":4,"column":16},"end":{"line":4,"column":51}},"3":{"start":{"line":5,"column":28},"end":{"line":5,"column":60}},"4":{"start":{"line":6,"column":15},"end":{"line":10,"column":1}},"5":{"start":{"line":11,"column":0},"end":{"line":21,"column":2}},"6":{"start":{"line":12,"column":4},"end":{"line":20,"column":7}},"7":{"start":{"line":13,"column":29},"end":{"line":13,"column":87}},"8":{"start":{"line":14,"column":8},"end":{"line":19,"column":10}},"9":{"start":{"line":22,"column":0},"end":{"line":51,"column":2}},"10":{"start":{"line":23,"column":15},"end":{"line":23,"column":40}},"11":{"start":{"line":24,"column":15},"end":{"line":24,"column":39}},"12":{"start":{"line":25,"column":15},"end":{"line":25,"column":54}},"13":{"start":{"line":26,"column":20},"end":{"line":26,"column":59}},"14":{"start":{"line":27,"column":19},"end":{"line":40,"column":5}},"15":{"start":{"line":41,"column":4},"end":{"line":41,"column":87}},"16":{"start":{"line":42,"column":4},"end":{"line":42,"column":128}},"17":{"start":{"line":43,"column":4},"end":{"line":43,"column":58}},"18":{"start":{"line":44,"column":4},"end":{"line":44,"column":60}},"19":{"start":{"line":45,"column":4},"end":{"line":49,"column":7}},"20":{"start":{"line":46,"column":8},"end":{"line":48,"column":9}},"21":{"start":{"line":47,"column":12},"end":{"line":47,"column":46}},"22":{"start":{"line":50,"column":4},"end":{"line":50,"column":20}}},"fnMap":{"0":{"name":"(anonymous_0)","decl":{"start":{"line":11,"column":25},"end":{"line":11,"column":26}},"loc":{"start":{"line":11,"column":74},"end":{"line":21,"column":1}}},"1":{"name":"(anonymous_1)","decl":{"start":{"line":12,"column":50},"end":{"line":12,"column":51}},"loc":{"start":{"line":12,"column":80},"end":{"line":20,"column":5}}},"2":{"name":"(anonymous_2)","decl":{"start":{"line":22,"column":26},"end":{"line":22,"column":27}},"loc":{"start":{"line":22,"column":75},"end":{"line":51,"column":1}}},"3":{"name":"(anonymous_3)","decl":{"start":{"line":45,"column":31},"end":{"line":45,"column":32}},"loc":{"start":{"line":45,"column":48},"end":{"line":49,"column":5}}}},"branchMap":{"0":{"loc":{"start":{"line":46,"column":8},"end":{"line":48,"column":9}},"type":"if","locations":[{"start":{"line":46,"column":8},"end":{"line":48,"column":9}},{"start":{"line":46,"column":8},"end":{"line":48,"column":9}}]},"1":{"loc":{"start":{"line":46,"column":12},"end":{"line":46,"column":73}},"type":"binary-expr","locations":[{"start":{"line":46,"column":12},"end":{"line":46,"column":22}},{"start":{"line":46,"column":26},"end":{"line":46,"column":73}}]}},"s":{"0":1,"1":1,"2":1,"3":1,"4":1,"5":1,"6":10,"7":24,"8":24,"9":1,"10":7,"11":7,"12":7,"13":7,"14":7,"15":7,"16":7,"17":7,"18":7,"19":7,"20":15,"21":0,"22":7},"f":{"0":10,"1":24,"2":7,"3":15},"b":{"0":[0,15],"1":[15,15]},"_coverageSchema":"332fd63041d2c1bcb487cc26dd0d5f7d97098a6c","hash":"50ecd7acbd981fc888457cd7a84aaa5ca9cc471c"}
,"/Users/dotansimha/Dev/graphql-codegen/src/scheme-loader.ts": {"path":"/Users/dotansimha/Dev/graphql-codegen/src/scheme-loader.ts","statementMap":{"0":{"start":{"line":2,"column":16},"end":{"line":2,"column":34}},"1":{"start":{"line":3,"column":0},"end":{"line":7,"column":2}},"2":{"start":{"line":4,"column":4},"end":{"line":6,"column":5}},"3":{"start":{"line":5,"column":8},"end":{"line":5,"column":52}},"4":{"start":{"line":8,"column":0},"end":{"line":11,"column":2}},"5":{"start":{"line":9,"column":4},"end":{"line":9,"column":41}},"6":{"start":{"line":10,"column":4},"end":{"line":10,"column":53}}},"fnMap":{"0":{"name":"(anonymous_0)","decl":{"start":{"line":3,"column":25},"end":{"line":3,"column":26}},"loc":{"start":{"line":3,"column":43},"end":{"line":7,"column":1}}},"1":{"name":"(anonymous_1)","decl":{"start":{"line":8,"column":21},"end":{"line":8,"column":22}},"loc":{"start":{"line":8,"column":45},"end":{"line":11,"column":1}}}},"branchMap":{"0":{"loc":{"start":{"line":4,"column":4},"end":{"line":6,"column":5}},"type":"if","locations":[{"start":{"line":4,"column":4},"end":{"line":6,"column":5}},{"start":{"line":4,"column":4},"end":{"line":6,"column":5}}]}},"s":{"0":5,"1":5,"2":8,"3":1,"4":5,"5":6,"6":6},"f":{"0":8,"1":6},"b":{"0":[1,7]},"_coverageSchema":"332fd63041d2c1bcb487cc26dd0d5f7d97098a6c","hash":"3985dd6e4d0aefe6dfeb7708db793867a58124d1"}
,"/Users/dotansimha/Dev/graphql-codegen/src/template-loader.ts": {"path":"/Users/dotansimha/Dev/graphql-codegen/src/template-loader.ts","statementMap":{"0":{"start":{"line":2,"column":17},"end":{"line":2,"column":38}},"1":{"start":{"line":3,"column":9},"end":{"line":3,"column":22}},"2":{"start":{"line":4,"column":18},"end":{"line":4,"column":40}},"3":{"start":{"line":5,"column":0},"end":{"line":12,"column":2}},"4":{"start":{"line":6,"column":4},"end":{"line":11,"column":5}},"5":{"start":{"line":7,"column":8},"end":{"line":7,"column":49}},"6":{"start":{"line":10,"column":8},"end":{"line":10,"column":75}},"7":{"start":{"line":13,"column":27},"end":{"line":15,"column":1}},"8":{"start":{"line":14,"column":4},"end":{"line":14,"column":135}},"9":{"start":{"line":14,"column":62},"end":{"line":14,"column":131}},"10":{"start":{"line":16,"column":0},"end":{"line":27,"column":2}},"11":{"start":{"line":17,"column":4},"end":{"line":26,"column":7}},"12":{"start":{"line":18,"column":32},"end":{"line":18,"column":62}},"13":{"start":{"line":19,"column":8},"end":{"line":25,"column":9}},"14":{"start":{"line":20,"column":12},"end":{"line":20,"column":39}},"15":{"start":{"line":23,"column":35},"end":{"line":23,"column":167}},"16":{"start":{"line":23,"column":85},"end":{"line":23,"column":105}},"17":{"start":{"line":23,"column":134},"end":{"line":23,"column":153}},"18":{"start":{"line":24,"column":12},"end":{"line":24,"column":112}},"19":{"start":{"line":28,"column":0},"end":{"line":30,"column":2}},"20":{"start":{"line":29,"column":4},"end":{"line":29,"column":82}}},"fnMap":{"0":{"name":"(anonymous_0)","decl":{"start":{"line":5,"column":23},"end":{"line":5,"column":24}},"loc":{"start":{"line":5,"column":43},"end":{"line":12,"column":1}}},"1":{"name":"(anonymous_1)","decl":{"start":{"line":13,"column":27},"end":{"line":13,"column":28}},"loc":{"start":{"line":13,"column":51},"end":{"line":15,"column":1}}},"2":{"name":"(anonymous_2)","decl":{"start":{"line":14,"column":44},"end":{"line":14,"column":45}},"loc":{"start":{"line":14,"column":60},"end":{"line":14,"column":133}}},"3":{"name":"(anonymous_3)","decl":{"start":{"line":16,"column":31},"end":{"line":16,"column":32}},"loc":{"start":{"line":16,"column":51},"end":{"line":27,"column":1}}},"4":{"name":"(anonymous_4)","decl":{"start":{"line":17,"column":23},"end":{"line":17,"column":24}},"loc":{"start":{"line":17,"column":50},"end":{"line":26,"column":5}}},"5":{"name":"(anonymous_5)","decl":{"start":{"line":23,"column":67},"end":{"line":23,"column":68}},"loc":{"start":{"line":23,"column":83},"end":{"line":23,"column":107}}},"6":{"name":"(anonymous_6)","decl":{"start":{"line":23,"column":116},"end":{"line":23,"column":117}},"loc":{"start":{"line":23,"column":132},"end":{"line":23,"column":155}}},"7":{"name":"(anonymous_7)","decl":{"start":{"line":28,"column":26},"end":{"line":28,"column":27}},"loc":{"start":{"line":28,"column":66},"end":{"line":30,"column":1}}}},"branchMap":{"0":{"loc":{"start":{"line":6,"column":4},"end":{"line":11,"column":5}},"type":"if","locations":[{"start":{"line":6,"column":4},"end":{"line":11,"column":5}},{"start":{"line":6,"column":4},"end":{"line":11,"column":5}}]},"1":{"loc":{"start":{"line":14,"column":70},"end":{"line":14,"column":88}},"type":"binary-expr","locations":[{"start":{"line":14,"column":70},"end":{"line":14,"column":82}},{"start":{"line":14,"column":86},"end":{"line":14,"column":88}}]},"2":{"loc":{"start":{"line":19,"column":8},"end":{"line":25,"column":9}},"type":"if","locations":[{"start":{"line":19,"column":8},"end":{"line":25,"column":9}},{"start":{"line":19,"column":8},"end":{"line":25,"column":9}}]}},"s":{"0":1,"1":1,"2":1,"3":1,"4":3,"5":2,"6":1,"7":1,"8":0,"9":0,"10":1,"11":0,"12":0,"13":0,"14":0,"15":0,"16":0,"17":0,"18":0,"19":1,"20":1},"f":{"0":3,"1":0,"2":0,"3":0,"4":0,"5":0,"6":0,"7":1},"b":{"0":[2,1],"1":[0,0],"2":[0,0]},"_coverageSchema":"332fd63041d2c1bcb487cc26dd0d5f7d97098a6c","hash":"bb585640e57d8787919c3203ec37555d0335ffe2"}
,"/Users/dotansimha/Dev/graphql-codegen/src/templates.ts": {"path":"/Users/dotansimha/Dev/graphql-codegen/src/templates.ts","statementMap":{"0":{"start":{"line":2,"column":9},"end":{"line":2,"column":22}},"1":{"start":{"line":3,"column":11},"end":{"line":3,"column":26}},"2":{"start":{"line":4,"column":16},"end":{"line":10,"column":1}},"3":{"start":{"line":5,"column":20},"end":{"line":5,"column":29}},"4":{"start":{"line":6,"column":21},"end":{"line":6,"column":74}},"5":{"start":{"line":7,"column":18},"end":{"line":7,"column":65}},"6":{"start":{"line":8,"column":4},"end":{"line":8,"column":36}},"7":{"start":{"line":9,"column":4},"end":{"line":9,"column":18}},"8":{"start":{"line":11,"column":0},"end":{"line":29,"column":2}},"9":{"start":{"line":12,"column":4},"end":{"line":28,"column":6}}},"fnMap":{"0":{"name":"(anonymous_0)","decl":{"start":{"line":4,"column":16},"end":{"line":4,"column":17}},"loc":{"start":{"line":4,"column":41},"end":{"line":10,"column":1}}},"1":{"name":"(anonymous_1)","decl":{"start":{"line":11,"column":24},"end":{"line":11,"column":25}},"loc":{"start":{"line":11,"column":36},"end":{"line":29,"column":1}}}},"branchMap":{},"s":{"0":1,"1":1,"2":1,"3":0,"4":0,"5":0,"6":0,"7":0,"8":1,"9":0},"f":{"0":0,"1":0},"b":{},"_coverageSchema":"332fd63041d2c1bcb487cc26dd0d5f7d97098a6c","hash":"c4f9b248aac4fc3309aff35f300936f1991fa9c7"}
,"/Users/dotansimha/Dev/graphql-codegen/src/utils.ts": {"path":"/Users/dotansimha/Dev/graphql-codegen/src/utils.ts","statementMap":{"0":{"start":{"line":2,"column":19},"end":{"line":2,"column":53}},"1":{"start":{"line":3,"column":19},"end":{"line":3,"column":53}},"2":{"start":{"line":4,"column":17},"end":{"line":4,"column":39}},"3":{"start":{"line":5,"column":0},"end":{"line":7,"column":2}},"4":{"start":{"line":6,"column":4},"end":{"line":6,"column":137}},"5":{"start":{"line":6,"column":59},"end":{"line":6,"column":85}},"6":{"start":{"line":6,"column":112},"end":{"line":6,"column":133}},"7":{"start":{"line":8,"column":0},"end":{"line":14,"column":2}},"8":{"start":{"line":9,"column":4},"end":{"line":13,"column":36}},"9":{"start":{"line":15,"column":0},"end":{"line":17,"column":2}},"10":{"start":{"line":16,"column":4},"end":{"line":16,"column":47}},"11":{"start":{"line":18,"column":0},"end":{"line":20,"column":2}},"12":{"start":{"line":19,"column":4},"end":{"line":19,"column":47}},"13":{"start":{"line":21,"column":0},"end":{"line":29,"column":2}},"14":{"start":{"line":22,"column":15},"end":{"line":22,"column":56}},"15":{"start":{"line":23,"column":4},"end":{"line":28,"column":5}},"16":{"start":{"line":24,"column":8},"end":{"line":24,"column":35}},"17":{"start":{"line":27,"column":8},"end":{"line":27,"column":20}},"18":{"start":{"line":31,"column":15},"end":{"line":31,"column":34}},"19":{"start":{"line":32,"column":4},"end":{"line":35,"column":5}},"20":{"start":{"line":34,"column":8},"end":{"line":34,"column":44}},"21":{"start":{"line":37,"column":0},"end":{"line":37,"column":34}},"22":{"start":{"line":38,"column":0},"end":{"line":43,"column":2}},"23":{"start":{"line":39,"column":4},"end":{"line":41,"column":5}},"24":{"start":{"line":39,"column":41},"end":{"line":39,"column":68}},"25":{"start":{"line":40,"column":8},"end":{"line":40,"column":68}},"26":{"start":{"line":42,"column":4},"end":{"line":42,"column":16}},"27":{"start":{"line":44,"column":0},"end":{"line":55,"column":2}},"28":{"start":{"line":45,"column":4},"end":{"line":54,"column":5}},"29":{"start":{"line":47,"column":12},"end":{"line":47,"column":41}},"30":{"start":{"line":49,"column":12},"end":{"line":49,"column":44}},"31":{"start":{"line":51,"column":12},"end":{"line":51,"column":48}},"32":{"start":{"line":53,"column":12},"end":{"line":53,"column":19}},"33":{"start":{"line":56,"column":0},"end":{"line":58,"column":2}},"34":{"start":{"line":57,"column":4},"end":{"line":57,"column":45}}},"fnMap":{"0":{"name":"(anonymous_0)","decl":{"start":{"line":5,"column":22},"end":{"line":5,"column":23}},"loc":{"start":{"line":5,"column":53},"end":{"line":7,"column":1}}},"1":{"name":"(anonymous_1)","decl":{"start":{"line":6,"column":42},"end":{"line":6,"column":43}},"loc":{"start":{"line":6,"column":57},"end":{"line":6,"column":87}}},"2":{"name":"(anonymous_2)","decl":{"start":{"line":6,"column":94},"end":{"line":6,"column":95}},"loc":{"start":{"line":6,"column":110},"end":{"line":6,"column":135}}},"3":{"name":"(anonymous_3)","decl":{"start":{"line":8,"column":21},"end":{"line":8,"column":22}},"loc":{"start":{"line":8,"column":41},"end":{"line":14,"column":1}}},"4":{"name":"(anonymous_4)","decl":{"start":{"line":15,"column":21},"end":{"line":15,"column":22}},"loc":{"start":{"line":15,"column":37},"end":{"line":17,"column":1}}},"5":{"name":"(anonymous_5)","decl":{"start":{"line":18,"column":18},"end":{"line":18,"column":19}},"loc":{"start":{"line":18,"column":34},"end":{"line":20,"column":1}}},"6":{"name":"(anonymous_6)","decl":{"start":{"line":21,"column":22},"end":{"line":21,"column":23}},"loc":{"start":{"line":21,"column":53},"end":{"line":29,"column":1}}},"7":{"name":"getFieldDef","decl":{"start":{"line":30,"column":9},"end":{"line":30,"column":20}},"loc":{"start":{"line":30,"column":43},"end":{"line":36,"column":1}}},"8":{"name":"(anonymous_8)","decl":{"start":{"line":38,"column":33},"end":{"line":38,"column":34}},"loc":{"start":{"line":38,"column":59},"end":{"line":43,"column":1}}},"9":{"name":"(anonymous_9)","decl":{"start":{"line":39,"column":22},"end":{"line":39,"column":23}},"loc":{"start":{"line":39,"column":39},"end":{"line":39,"column":70}}},"10":{"name":"(anonymous_10)","decl":{"start":{"line":44,"column":18},"end":{"line":44,"column":19}},"loc":{"start":{"line":44,"column":47},"end":{"line":55,"column":1}}},"11":{"name":"(anonymous_11)","decl":{"start":{"line":56,"column":20},"end":{"line":56,"column":21}},"loc":{"start":{"line":56,"column":52},"end":{"line":58,"column":1}}}},"branchMap":{"0":{"loc":{"start":{"line":9,"column":11},"end":{"line":13,"column":35}},"type":"binary-expr","locations":[{"start":{"line":9,"column":11},"end":{"line":9,"column":20}},{"start":{"line":10,"column":8},"end":{"line":10,"column":35}},{"start":{"line":11,"column":8},"end":{"line":11,"column":28}},{"start":{"line":12,"column":8},"end":{"line":12,"column":31}},{"start":{"line":13,"column":8},"end":{"line":13,"column":35}}]},"1":{"loc":{"start":{"line":23,"column":4},"end":{"line":28,"column":5}},"type":"if","locations":[{"start":{"line":23,"column":4},"end":{"line":28,"column":5}},{"start":{"line":23,"column":4},"end":{"line":28,"column":5}}]},"2":{"loc":{"start":{"line":32,"column":4},"end":{"line":35,"column":5}},"type":"if","locations":[{"start":{"line":32,"column":4},"end":{"line":35,"column":5}},{"start":{"line":32,"column":4},"end":{"line":35,"column":5}}]},"3":{"loc":{"start":{"line":32,"column":8},"end":{"line":33,"column":63}},"type":"binary-expr","locations":[{"start":{"line":32,"column":8},"end":{"line":32,"column":60}},{"start":{"line":33,"column":8},"end":{"line":33,"column":63}}]},"4":{"loc":{"start":{"line":39,"column":4},"end":{"line":41,"column":5}},"type":"if","locations":[{"start":{"line":39,"column":4},"end":{"line":41,"column":5}},{"start":{"line":39,"column":4},"end":{"line":41,"column":5}}]},"5":{"loc":{"start":{"line":45,"column":4},"end":{"line":54,"column":5}},"type":"switch","locations":[{"start":{"line":46,"column":8},"end":{"line":47,"column":41}},{"start":{"line":48,"column":8},"end":{"line":49,"column":44}},{"start":{"line":50,"column":8},"end":{"line":51,"column":48}},{"start":{"line":52,"column":8},"end":{"line":53,"column":19}}]}},"s":{"0":4,"1":4,"2":4,"3":4,"4":31,"5":147,"6":49,"7":4,"8":10,"9":4,"10":191,"11":4,"12":191,"13":4,"14":151,"15":151,"16":145,"17":6,"18":152,"19":152,"20":152,"21":4,"22":4,"23":51,"24":63,"25":3,"26":48,"27":4,"28":12,"29":5,"30":3,"31":3,"32":1,"33":4,"34":12},"f":{"0":31,"1":147,"2":49,"3":10,"4":191,"5":191,"6":151,"7":152,"8":51,"9":63,"10":12,"11":12},"b":{"0":[10,9,8,7,6],"1":[145,6],"2":[152,0],"3":[152,0],"4":[3,48],"5":[5,3,3,1]},"_coverageSchema":"332fd63041d2c1bcb487cc26dd0d5f7d97098a6c","hash":"810def04e9ae734d013df7628395d3d2af97f571"}
}
