{"/Users/dotansimha/Dev/graphql-codegen/src/cli.ts": {"path":"/Users/dotansimha/Dev/graphql-codegen/src/cli.ts","statementMap":{"0":{"start":{"line":2,"column":16},"end":{"line":2,"column":36}},"1":{"start":{"line":3,"column":9},"end":{"line":3,"column":22}},"2":{"start":{"line":4,"column":11},"end":{"line":4,"column":26}},"3":{"start":{"line":5,"column":14},"end":{"line":5,"column":32}},"4":{"start":{"line":6,"column":18},"end":{"line":6,"column":40}},"5":{"start":{"line":7,"column":27},"end":{"line":7,"column":74}},"6":{"start":{"line":8,"column":0},"end":{"line":20,"column":2}},"7":{"start":{"line":9,"column":4},"end":{"line":18,"column":21}},"8":{"start":{"line":19,"column":4},"end":{"line":19,"column":21}},"9":{"start":{"line":21,"column":0},"end":{"line":28,"column":2}},"10":{"start":{"line":22,"column":4},"end":{"line":24,"column":5}},"11":{"start":{"line":23,"column":8},"end":{"line":23,"column":25}},"12":{"start":{"line":25,"column":4},"end":{"line":25,"column":35}},"13":{"start":{"line":26,"column":4},"end":{"line":26,"column":20}},"14":{"start":{"line":27,"column":4},"end":{"line":27,"column":11}},"15":{"start":{"line":29,"column":0},"end":{"line":44,"column":2}},"16":{"start":{"line":30,"column":15},"end":{"line":30,"column":30}},"17":{"start":{"line":31,"column":14},"end":{"line":31,"column":28}},"18":{"start":{"line":32,"column":19},"end":{"line":32,"column":38}},"19":{"start":{"line":33,"column":14},"end":{"line":33,"column":28}},"20":{"start":{"line":34,"column":20},"end":{"line":34,"column":35}},"21":{"start":{"line":35,"column":4},"end":{"line":37,"column":5}},"22":{"start":{"line":36,"column":8},"end":{"line":36,"column":73}},"23":{"start":{"line":38,"column":4},"end":{"line":40,"column":5}},"24":{"start":{"line":39,"column":8},"end":{"line":39,"column":84}},"25":{"start":{"line":41,"column":4},"end":{"line":43,"column":5}},"26":{"start":{"line":42,"column":8},"end":{"line":42,"column":67}},"27":{"start":{"line":45,"column":27},"end":{"line":47,"column":1}},"28":{"start":{"line":46,"column":4},"end":{"line":46,"column":130}},"29":{"start":{"line":46,"column":57},"end":{"line":46,"column":126}},"30":{"start":{"line":48,"column":0},"end":{"line":145,"column":2}},"31":{"start":{"line":49,"column":15},"end":{"line":49,"column":30}},"32":{"start":{"line":50,"column":14},"end":{"line":50,"column":28}},"33":{"start":{"line":51,"column":20},"end":{"line":51,"column":41}},"34":{"start":{"line":52,"column":19},"end":{"line":52,"column":38}},"35":{"start":{"line":53,"column":14},"end":{"line":53,"column":28}},"36":{"start":{"line":54,"column":16},"end":{"line":54,"column":44}},"37":{"start":{"line":55,"column":17},"end":{"line":55,"column":19}},"38":{"start":{"line":57,"column":4},"end":{"line":59,"column":5}},"39":{"start":{"line":58,"column":8},"end":{"line":58,"column":77}},"40":{"start":{"line":60,"column":4},"end":{"line":103,"column":5}},"41":{"start":{"line":61,"column":8},"end":{"line":77,"column":11}},"42":{"start":{"line":62,"column":12},"end":{"line":76,"column":13}},"43":{"start":{"line":63,"column":16},"end":{"line":72,"column":17}},"44":{"start":{"line":64,"column":38},"end":{"line":64,"column":67}},"45":{"start":{"line":65,"column":20},"end":{"line":67,"column":21}},"46":{"start":{"line":66,"column":24},"end":{"line":66,"column":83}},"47":{"start":{"line":68,"column":20},"end":{"line":68,"column":53}},"48":{"start":{"line":71,"column":20},"end":{"line":71,"column":30}},"49":{"start":{"line":75,"column":16},"end":{"line":75,"column":77}},"50":{"start":{"line":79,"column":9},"end":{"line":103,"column":5}},"51":{"start":{"line":80,"column":8},"end":{"line":102,"column":11}},"52":{"start":{"line":81,"column":12},"end":{"line":101,"column":15}},"53":{"start":{"line":91,"column":16},"end":{"line":94,"column":17}},"54":{"start":{"line":92,"column":20},"end":{"line":92,"column":32}},"55":{"start":{"line":93,"column":20},"end":{"line":93,"column":27}},"56":{"start":{"line":95,"column":31},"end":{"line":95,"column":40}},"57":{"start":{"line":96,"column":16},"end":{"line":99,"column":17}},"58":{"start":{"line":97,"column":20},"end":{"line":97,"column":145}},"59":{"start":{"line":97,"column":109},"end":{"line":97,"column":129}},"60":{"start":{"line":98,"column":20},"end":{"line":98,"column":27}},"61":{"start":{"line":100,"column":16},"end":{"line":100,"column":34}},"62":{"start":{"line":104,"column":28},"end":{"line":116,"column":6}},"63":{"start":{"line":105,"column":8},"end":{"line":115,"column":11}},"64":{"start":{"line":106,"column":12},"end":{"line":114,"column":15}},"65":{"start":{"line":107,"column":16},"end":{"line":109,"column":17}},"66":{"start":{"line":108,"column":20},"end":{"line":108,"column":32}},"67":{"start":{"line":110,"column":16},"end":{"line":112,"column":17}},"68":{"start":{"line":111,"column":20},"end":{"line":111,"column":95}},"69":{"start":{"line":113,"column":16},"end":{"line":113,"column":31}},"70":{"start":{"line":117,"column":35},"end":{"line":126,"column":6}},"71":{"start":{"line":118,"column":32},"end":{"line":118,"column":62}},"72":{"start":{"line":119,"column":8},"end":{"line":125,"column":9}},"73":{"start":{"line":120,"column":12},"end":{"line":120,"column":39}},"74":{"start":{"line":123,"column":35},"end":{"line":123,"column":162}},"75":{"start":{"line":123,"column":80},"end":{"line":123,"column":100}},"76":{"start":{"line":123,"column":129},"end":{"line":123,"column":148}},"77":{"start":{"line":124,"column":12},"end":{"line":124,"column":112}},"78":{"start":{"line":127,"column":27},"end":{"line":131,"column":6}},"79":{"start":{"line":128,"column":8},"end":{"line":130,"column":11}},"80":{"start":{"line":129,"column":12},"end":{"line":129,"column":31}},"81":{"start":{"line":132,"column":4},"end":{"line":144,"column":7}},"82":{"start":{"line":137,"column":28},"end":{"line":137,"column":33}},"83":{"start":{"line":137,"column":47},"end":{"line":137,"column":52}},"84":{"start":{"line":137,"column":74},"end":{"line":137,"column":79}},"85":{"start":{"line":138,"column":8},"end":{"line":138,"column":45}},"86":{"start":{"line":139,"column":8},"end":{"line":139,"column":37}},"87":{"start":{"line":140,"column":8},"end":{"line":140,"column":44}},"88":{"start":{"line":141,"column":8},"end":{"line":141,"column":29}},"89":{"start":{"line":142,"column":8},"end":{"line":142,"column":29}},"90":{"start":{"line":143,"column":8},"end":{"line":143,"column":22}}},"fnMap":{"0":{"name":"(anonymous_0)","decl":{"start":{"line":8,"column":18},"end":{"line":8,"column":19}},"loc":{"start":{"line":8,"column":34},"end":{"line":20,"column":1}}},"1":{"name":"(anonymous_1)","decl":{"start":{"line":21,"column":19},"end":{"line":21,"column":20}},"loc":{"start":{"line":21,"column":34},"end":{"line":28,"column":1}}},"2":{"name":"(anonymous_2)","decl":{"start":{"line":29,"column":29},"end":{"line":29,"column":30}},"loc":{"start":{"line":29,"column":48},"end":{"line":44,"column":1}}},"3":{"name":"(anonymous_3)","decl":{"start":{"line":45,"column":27},"end":{"line":45,"column":28}},"loc":{"start":{"line":45,"column":51},"end":{"line":47,"column":1}}},"4":{"name":"(anonymous_4)","decl":{"start":{"line":46,"column":39},"end":{"line":46,"column":40}},"loc":{"start":{"line":46,"column":55},"end":{"line":46,"column":128}}},"5":{"name":"(anonymous_5)","decl":{"start":{"line":48,"column":27},"end":{"line":48,"column":28}},"loc":{"start":{"line":48,"column":46},"end":{"line":145,"column":1}}},"6":{"name":"(anonymous_6)","decl":{"start":{"line":61,"column":43},"end":{"line":61,"column":44}},"loc":{"start":{"line":61,"column":70},"end":{"line":77,"column":9}}},"7":{"name":"(anonymous_7)","decl":{"start":{"line":80,"column":43},"end":{"line":80,"column":44}},"loc":{"start":{"line":80,"column":70},"end":{"line":102,"column":9}}},"8":{"name":"(anonymous_8)","decl":{"start":{"line":90,"column":15},"end":{"line":90,"column":16}},"loc":{"start":{"line":90,"column":46},"end":{"line":101,"column":13}}},"9":{"name":"(anonymous_9)","decl":{"start":{"line":97,"column":91},"end":{"line":97,"column":92}},"loc":{"start":{"line":97,"column":107},"end":{"line":97,"column":131}}},"10":{"name":"(anonymous_10)","decl":{"start":{"line":104,"column":42},"end":{"line":104,"column":43}},"loc":{"start":{"line":104,"column":66},"end":{"line":116,"column":5}}},"11":{"name":"(anonymous_11)","decl":{"start":{"line":105,"column":27},"end":{"line":105,"column":28}},"loc":{"start":{"line":105,"column":54},"end":{"line":115,"column":9}}},"12":{"name":"(anonymous_12)","decl":{"start":{"line":106,"column":31},"end":{"line":106,"column":32}},"loc":{"start":{"line":106,"column":53},"end":{"line":114,"column":13}}},"13":{"name":"(anonymous_13)","decl":{"start":{"line":117,"column":47},"end":{"line":117,"column":48}},"loc":{"start":{"line":117,"column":74},"end":{"line":126,"column":5}}},"14":{"name":"(anonymous_14)","decl":{"start":{"line":123,"column":62},"end":{"line":123,"column":63}},"loc":{"start":{"line":123,"column":78},"end":{"line":123,"column":102}}},"15":{"name":"(anonymous_15)","decl":{"start":{"line":123,"column":111},"end":{"line":123,"column":112}},"loc":{"start":{"line":123,"column":127},"end":{"line":123,"column":150}}},"16":{"name":"(anonymous_16)","decl":{"start":{"line":127,"column":63},"end":{"line":127,"column":64}},"loc":{"start":{"line":127,"column":80},"end":{"line":131,"column":5}}},"17":{"name":"(anonymous_17)","decl":{"start":{"line":128,"column":28},"end":{"line":128,"column":29}},"loc":{"start":{"line":128,"column":44},"end":{"line":130,"column":9}}},"18":{"name":"(anonymous_18)","decl":{"start":{"line":136,"column":12},"end":{"line":136,"column":13}},"loc":{"start":{"line":136,"column":26},"end":{"line":144,"column":5}}}},"branchMap":{"0":{"loc":{"start":{"line":22,"column":4},"end":{"line":24,"column":5}},"type":"if","locations":[{"start":{"line":22,"column":4},"end":{"line":24,"column":5}},{"start":{"line":22,"column":4},"end":{"line":24,"column":5}}]},"1":{"loc":{"start":{"line":35,"column":4},"end":{"line":37,"column":5}},"type":"if","locations":[{"start":{"line":35,"column":4},"end":{"line":37,"column":5}},{"start":{"line":35,"column":4},"end":{"line":37,"column":5}}]},"2":{"loc":{"start":{"line":35,"column":8},"end":{"line":35,"column":21}},"type":"binary-expr","locations":[{"start":{"line":35,"column":8},"end":{"line":35,"column":13}},{"start":{"line":35,"column":17},"end":{"line":35,"column":21}}]},"3":{"loc":{"start":{"line":38,"column":4},"end":{"line":40,"column":5}},"type":"if","locations":[{"start":{"line":38,"column":4},"end":{"line":40,"column":5}},{"start":{"line":38,"column":4},"end":{"line":40,"column":5}}]},"4":{"loc":{"start":{"line":41,"column":4},"end":{"line":43,"column":5}},"type":"if","locations":[{"start":{"line":41,"column":4},"end":{"line":43,"column":5}},{"start":{"line":41,"column":4},"end":{"line":43,"column":5}}]},"5":{"loc":{"start":{"line":41,"column":8},"end":{"line":41,"column":44}},"type":"binary-expr","locations":[{"start":{"line":41,"column":8},"end":{"line":41,"column":18}},{"start":{"line":41,"column":22},"end":{"line":41,"column":44}}]},"6":{"loc":{"start":{"line":46,"column":65},"end":{"line":46,"column":83}},"type":"binary-expr","locations":[{"start":{"line":46,"column":65},"end":{"line":46,"column":77}},{"start":{"line":46,"column":81},"end":{"line":46,"column":83}}]},"7":{"loc":{"start":{"line":51,"column":20},"end":{"line":51,"column":41}},"type":"binary-expr","locations":[{"start":{"line":51,"column":20},"end":{"line":51,"column":35}},{"start":{"line":51,"column":39},"end":{"line":51,"column":41}}]},"8":{"loc":{"start":{"line":57,"column":4},"end":{"line":59,"column":5}},"type":"if","locations":[{"start":{"line":57,"column":4},"end":{"line":59,"column":5}},{"start":{"line":57,"column":4},"end":{"line":59,"column":5}}]},"9":{"loc":{"start":{"line":60,"column":4},"end":{"line":103,"column":5}},"type":"if","locations":[{"start":{"line":60,"column":4},"end":{"line":103,"column":5}},{"start":{"line":60,"column":4},"end":{"line":103,"column":5}}]},"10":{"loc":{"start":{"line":62,"column":12},"end":{"line":76,"column":13}},"type":"if","locations":[{"start":{"line":62,"column":12},"end":{"line":76,"column":13}},{"start":{"line":62,"column":12},"end":{"line":76,"column":13}}]},"11":{"loc":{"start":{"line":65,"column":20},"end":{"line":67,"column":21}},"type":"if","locations":[{"start":{"line":65,"column":20},"end":{"line":67,"column":21}},{"start":{"line":65,"column":20},"end":{"line":67,"column":21}}]},"12":{"loc":{"start":{"line":79,"column":9},"end":{"line":103,"column":5}},"type":"if","locations":[{"start":{"line":79,"column":9},"end":{"line":103,"column":5}},{"start":{"line":79,"column":9},"end":{"line":103,"column":5}}]},"13":{"loc":{"start":{"line":91,"column":16},"end":{"line":94,"column":17}},"type":"if","locations":[{"start":{"line":91,"column":16},"end":{"line":94,"column":17}},{"start":{"line":91,"column":16},"end":{"line":94,"column":17}}]},"14":{"loc":{"start":{"line":96,"column":16},"end":{"line":99,"column":17}},"type":"if","locations":[{"start":{"line":96,"column":16},"end":{"line":99,"column":17}},{"start":{"line":96,"column":16},"end":{"line":99,"column":17}}]},"15":{"loc":{"start":{"line":96,"column":20},"end":{"line":96,"column":80}},"type":"binary-expr","locations":[{"start":{"line":96,"column":20},"end":{"line":96,"column":29}},{"start":{"line":96,"column":34},"end":{"line":96,"column":49}},{"start":{"line":96,"column":53},"end":{"line":96,"column":79}}]},"16":{"loc":{"start":{"line":107,"column":16},"end":{"line":109,"column":17}},"type":"if","locations":[{"start":{"line":107,"column":16},"end":{"line":109,"column":17}},{"start":{"line":107,"column":16},"end":{"line":109,"column":17}}]},"17":{"loc":{"start":{"line":110,"column":16},"end":{"line":112,"column":17}},"type":"if","locations":[{"start":{"line":110,"column":16},"end":{"line":112,"column":17}},{"start":{"line":110,"column":16},"end":{"line":112,"column":17}}]},"18":{"loc":{"start":{"line":110,"column":20},"end":{"line":110,"column":48}},"type":"binary-expr","locations":[{"start":{"line":110,"column":20},"end":{"line":110,"column":26}},{"start":{"line":110,"column":30},"end":{"line":110,"column":48}}]},"19":{"loc":{"start":{"line":119,"column":8},"end":{"line":125,"column":9}},"type":"if","locations":[{"start":{"line":119,"column":8},"end":{"line":125,"column":9}},{"start":{"line":119,"column":8},"end":{"line":125,"column":9}}]}},"s":{"0":0,"1":0,"2":0,"3":0,"4":0,"5":0,"6":0,"7":0,"8":0,"9":0,"10":0,"11":0,"12":0,"13":0,"14":0,"15":0,"16":0,"17":0,"18":0,"19":0,"20":0,"21":0,"22":0,"23":0,"24":0,"25":0,"26":0,"27":0,"28":0,"29":0,"30":0,"31":0,"32":0,"33":0,"34":0,"35":0,"36":0,"37":0,"38":0,"39":0,"40":0,"41":0,"42":0,"43":0,"44":0,"45":0,"46":0,"47":0,"48":0,"49":0,"50":0,"51":0,"52":0,"53":0,"54":0,"55":0,"56":0,"57":0,"58":0,"59":0,"60":0,"61":0,"62":0,"63":0,"64":0,"65":0,"66":0,"67":0,"68":0,"69":0,"70":0,"71":0,"72":0,"73":0,"74":0,"75":0,"76":0,"77":0,"78":0,"79":0,"80":0,"81":0,"82":0,"83":0,"84":0,"85":0,"86":0,"87":0,"88":0,"89":0,"90":0},"f":{"0":0,"1":0,"2":0,"3":0,"4":0,"5":0,"6":0,"7":0,"8":0,"9":0,"10":0,"11":0,"12":0,"13":0,"14":0,"15":0,"16":0,"17":0,"18":0},"b":{"0":[0,0],"1":[0,0],"2":[0,0],"3":[0,0],"4":[0,0],"5":[0,0],"6":[0,0],"7":[0,0],"8":[0,0],"9":[0,0],"10":[0,0],"11":[0,0],"12":[0,0],"13":[0,0],"14":[0,0],"15":[0,0,0],"16":[0,0],"17":[0,0],"18":[0,0],"19":[0,0]}}
,"/Users/dotansimha/Dev/graphql-codegen/src/codegen.ts": {"path":"/Users/dotansimha/Dev/graphql-codegen/src/codegen.ts","statementMap":{"0":{"start":{"line":2,"column":16},"end":{"line":2,"column":34}},"1":{"start":{"line":3,"column":22},"end":{"line":3,"column":48}},"2":{"start":{"line":4,"column":26},"end":{"line":4,"column":56}},"3":{"start":{"line":5,"column":25},"end":{"line":5,"column":54}},"4":{"start":{"line":6,"column":0},"end":{"line":30,"column":2}},"5":{"start":{"line":7,"column":4},"end":{"line":7,"column":57}},"6":{"start":{"line":7,"column":36},"end":{"line":7,"column":55}},"7":{"start":{"line":8,"column":17},"end":{"line":8,"column":19}},"8":{"start":{"line":9,"column":20},"end":{"line":9,"column":22}},"9":{"start":{"line":10,"column":19},"end":{"line":10,"column":38}},"10":{"start":{"line":11,"column":4},"end":{"line":13,"column":7}},"11":{"start":{"line":12,"column":8},"end":{"line":12,"column":93}},"12":{"start":{"line":14,"column":4},"end":{"line":25,"column":7}},"13":{"start":{"line":15,"column":8},"end":{"line":24,"column":9}},"14":{"start":{"line":17,"column":16},"end":{"line":17,"column":103}},"15":{"start":{"line":18,"column":16},"end":{"line":18,"column":22}},"16":{"start":{"line":20,"column":16},"end":{"line":20,"column":101}},"17":{"start":{"line":21,"column":16},"end":{"line":21,"column":22}},"18":{"start":{"line":23,"column":16},"end":{"line":23,"column":22}},"19":{"start":{"line":26,"column":4},"end":{"line":29,"column":6}},"20":{"start":{"line":27,"column":48},"end":{"line":27,"column":60}},"21":{"start":{"line":28,"column":54},"end":{"line":28,"column":66}}},"fnMap":{"0":{"name":"(anonymous_0)","decl":{"start":{"line":6,"column":25},"end":{"line":6,"column":26}},"loc":{"start":{"line":6,"column":68},"end":{"line":30,"column":1}}},"1":{"name":"(anonymous_1)","decl":{"start":{"line":11,"column":34},"end":{"line":11,"column":35}},"loc":{"start":{"line":11,"column":54},"end":{"line":13,"column":5}}},"2":{"name":"(anonymous_2)","decl":{"start":{"line":14,"column":33},"end":{"line":14,"column":34}},"loc":{"start":{"line":14,"column":55},"end":{"line":25,"column":5}}},"3":{"name":"(anonymous_3)","decl":{"start":{"line":27,"column":30},"end":{"line":27,"column":31}},"loc":{"start":{"line":27,"column":46},"end":{"line":27,"column":62}}},"4":{"name":"(anonymous_4)","decl":{"start":{"line":28,"column":36},"end":{"line":28,"column":37}},"loc":{"start":{"line":28,"column":52},"end":{"line":28,"column":68}}}},"branchMap":{"0":{"loc":{"start":{"line":7,"column":4},"end":{"line":7,"column":57}},"type":"if","locations":[{"start":{"line":7,"column":4},"end":{"line":7,"column":57}},{"start":{"line":7,"column":4},"end":{"line":7,"column":57}}]},"1":{"loc":{"start":{"line":15,"column":8},"end":{"line":24,"column":9}},"type":"switch","locations":[{"start":{"line":16,"column":12},"end":{"line":18,"column":22}},{"start":{"line":19,"column":12},"end":{"line":21,"column":22}},{"start":{"line":22,"column":12},"end":{"line":23,"column":22}}]}},"s":{"0":0,"1":0,"2":0,"3":0,"4":0,"5":0,"6":0,"7":0,"8":0,"9":0,"10":0,"11":0,"12":0,"13":0,"14":0,"15":0,"16":0,"17":0,"18":0,"19":0,"20":0,"21":0},"f":{"0":0,"1":0,"2":0,"3":0,"4":0},"b":{"0":[0,0],"1":[0,0,0]}}
,"/Users/dotansimha/Dev/graphql-codegen/src/document-loader.ts": {"path":"/Users/dotansimha/Dev/graphql-codegen/src/document-loader.ts","statementMap":{"0":{"start":{"line":2,"column":16},"end":{"line":2,"column":34}},"1":{"start":{"line":3,"column":9},"end":{"line":3,"column":22}},"2":{"start":{"line":4,"column":0},"end":{"line":11,"column":2}},"3":{"start":{"line":5,"column":4},"end":{"line":10,"column":5}},"4":{"start":{"line":6,"column":8},"end":{"line":6,"column":98}},"5":{"start":{"line":9,"column":8},"end":{"line":9,"column":75}},"6":{"start":{"line":12,"column":0},"end":{"line":14,"column":2}},"7":{"start":{"line":13,"column":4},"end":{"line":13,"column":71}}},"fnMap":{"0":{"name":"(anonymous_0)","decl":{"start":{"line":4,"column":26},"end":{"line":4,"column":27}},"loc":{"start":{"line":4,"column":46},"end":{"line":11,"column":1}}},"1":{"name":"(anonymous_1)","decl":{"start":{"line":12,"column":31},"end":{"line":12,"column":32}},"loc":{"start":{"line":12,"column":52},"end":{"line":14,"column":1}}}},"branchMap":{"0":{"loc":{"start":{"line":5,"column":4},"end":{"line":10,"column":5}},"type":"if","locations":[{"start":{"line":5,"column":4},"end":{"line":10,"column":5}},{"start":{"line":5,"column":4},"end":{"line":10,"column":5}}]}},"s":{"0":3,"1":3,"2":3,"3":16,"4":14,"5":2,"6":3,"7":8},"f":{"0":16,"1":8},"b":{"0":[14,2]},"_coverageSchema":"332fd63041d2c1bcb487cc26dd0d5f7d97098a6c","hash":"980c341c789e86265f1d6daa71e0494996dd32f6"}
,"/Users/dotansimha/Dev/graphql-codegen/src/fragment-handler.ts": {"path":"/Users/dotansimha/Dev/graphql-codegen/src/fragment-handler.ts","statementMap":{"0":{"start":{"line":2,"column":17},"end":{"line":2,"column":39}},"1":{"start":{"line":3,"column":26},"end":{"line":3,"column":56}},"2":{"start":{"line":4,"column":20},"end":{"line":4,"column":60}},"3":{"start":{"line":5,"column":16},"end":{"line":5,"column":51}},"4":{"start":{"line":6,"column":0},"end":{"line":33,"column":2}},"5":{"start":{"line":7,"column":18},"end":{"line":7,"column":41}},"6":{"start":{"line":8,"column":23},"end":{"line":8,"column":42}},"7":{"start":{"line":9,"column":17},"end":{"line":21,"column":5}},"8":{"start":{"line":22,"column":19},"end":{"line":28,"column":5}},"9":{"start":{"line":29,"column":15},"end":{"line":29,"column":76}},"10":{"start":{"line":30,"column":4},"end":{"line":30,"column":151}},"11":{"start":{"line":31,"column":4},"end":{"line":31,"column":56}},"12":{"start":{"line":32,"column":4},"end":{"line":32,"column":18}}},"fnMap":{"0":{"name":"(anonymous_0)","decl":{"start":{"line":6,"column":25},"end":{"line":6,"column":26}},"loc":{"start":{"line":6,"column":72},"end":{"line":33,"column":1}}}},"branchMap":{},"s":{"0":1,"1":1,"2":1,"3":1,"4":1,"5":12,"6":12,"7":12,"8":12,"9":12,"10":12,"11":12,"12":12},"f":{"0":12},"b":{},"_coverageSchema":"332fd63041d2c1bcb487cc26dd0d5f7d97098a6c","hash":"f26eeb78cf9e62981c7c47bb91cbe7670bab9def"}
,"/Users/dotansimha/Dev/graphql-codegen/src/generator.ts": {"path":"/Users/dotansimha/Dev/graphql-codegen/src/generator.ts","statementMap":{"0":{"start":{"line":2,"column":17},"end":{"line":2,"column":38}},"1":{"start":{"line":3,"column":9},"end":{"line":3,"column":22}},"2":{"start":{"line":4,"column":0},"end":{"line":11,"column":2}},"3":{"start":{"line":5,"column":4},"end":{"line":10,"column":5}},"4":{"start":{"line":6,"column":8},"end":{"line":6,"column":49}},"5":{"start":{"line":9,"column":8},"end":{"line":9,"column":75}},"6":{"start":{"line":12,"column":0},"end":{"line":14,"column":2}},"7":{"start":{"line":13,"column":4},"end":{"line":13,"column":82}}},"fnMap":{"0":{"name":"(anonymous_0)","decl":{"start":{"line":4,"column":23},"end":{"line":4,"column":24}},"loc":{"start":{"line":4,"column":43},"end":{"line":11,"column":1}}},"1":{"name":"(anonymous_1)","decl":{"start":{"line":12,"column":23},"end":{"line":12,"column":24}},"loc":{"start":{"line":12,"column":63},"end":{"line":14,"column":1}}}},"branchMap":{"0":{"loc":{"start":{"line":5,"column":4},"end":{"line":10,"column":5}},"type":"if","locations":[{"start":{"line":5,"column":4},"end":{"line":10,"column":5}},{"start":{"line":5,"column":4},"end":{"line":10,"column":5}}]}},"s":{"0":1,"1":1,"2":1,"3":3,"4":2,"5":1,"6":1,"7":1},"f":{"0":3,"1":1},"b":{"0":[2,1]},"_coverageSchema":"332fd63041d2c1bcb487cc26dd0d5f7d97098a6c","hash":"0a960203bf24550ed08c17efc7cd0a53af9d2881"}
,"/Users/dotansimha/Dev/graphql-codegen/src/index.ts": {"path":"/Users/dotansimha/Dev/graphql-codegen/src/index.ts","statementMap":{"0":{"start":{"line":3,"column":12},"end":{"line":3,"column":28}},"1":{"start":{"line":4,"column":22},"end":{"line":4,"column":48}},"2":{"start":{"line":5,"column":16},"end":{"line":5,"column":36}},"3":{"start":{"line":6,"column":24},"end":{"line":6,"column":52}},"4":{"start":{"line":7,"column":18},"end":{"line":7,"column":40}},"5":{"start":{"line":8,"column":9},"end":{"line":8,"column":22}},"6":{"start":{"line":9,"column":11},"end":{"line":9,"column":26}},"7":{"start":{"line":10,"column":13},"end":{"line":10,"column":30}},"8":{"start":{"line":11,"column":27},"end":{"line":11,"column":58}},"9":{"start":{"line":12,"column":14},"end":{"line":12,"column":41}},"10":{"start":{"line":13,"column":0},"end":{"line":13,"column":34}},"11":{"start":{"line":14,"column":0},"end":{"line":100,"column":27}},"12":{"start":{"line":16,"column":4},"end":{"line":16,"column":39}},"13":{"start":{"line":17,"column":17},"end":{"line":17,"column":77}},"14":{"start":{"line":18,"column":20},"end":{"line":18,"column":48}},"15":{"start":{"line":19,"column":18},"end":{"line":19,"column":148}},"16":{"start":{"line":20,"column":25},"end":{"line":20,"column":59}},"17":{"start":{"line":21,"column":19},"end":{"line":21,"column":59}},"18":{"start":{"line":22,"column":22},"end":{"line":22,"column":63}},"19":{"start":{"line":23,"column":4},"end":{"line":86,"column":5}},"20":{"start":{"line":24,"column":8},"end":{"line":26,"column":9}},"21":{"start":{"line":25,"column":12},"end":{"line":25,"column":148}},"22":{"start":{"line":27,"column":27},"end":{"line":27,"column":129}},"23":{"start":{"line":28,"column":8},"end":{"line":32,"column":15}},"24":{"start":{"line":34,"column":9},"end":{"line":86,"column":5}},"25":{"start":{"line":35,"column":8},"end":{"line":37,"column":9}},"26":{"start":{"line":36,"column":12},"end":{"line":36,"column":152}},"27":{"start":{"line":38,"column":27},"end":{"line":38,"column":29}},"28":{"start":{"line":39,"column":31},"end":{"line":39,"column":80}},"29":{"start":{"line":40,"column":26},"end":{"line":40,"column":70}},"30":{"start":{"line":41,"column":22},"end":{"line":41,"column":62}},"31":{"start":{"line":42,"column":8},"end":{"line":42,"column":29}},"32":{"start":{"line":43,"column":8},"end":{"line":63,"column":11}},"33":{"start":{"line":44,"column":31},"end":{"line":44,"column":115}},"34":{"start":{"line":45,"column":12},"end":{"line":53,"column":13}},"35":{"start":{"line":46,"column":16},"end":{"line":52,"column":19}},"36":{"start":{"line":47,"column":20},"end":{"line":51,"column":23}},"37":{"start":{"line":54,"column":12},"end":{"line":62,"column":13}},"38":{"start":{"line":55,"column":16},"end":{"line":61,"column":19}},"39":{"start":{"line":56,"column":20},"end":{"line":60,"column":23}},"40":{"start":{"line":64,"column":8},"end":{"line":64,"column":96}},"41":{"start":{"line":64,"column":61},"end":{"line":64,"column":92}},"42":{"start":{"line":65,"column":8},"end":{"line":81,"column":9}},"43":{"start":{"line":66,"column":34},"end":{"line":66,"column":74}},"44":{"start":{"line":67,"column":31},"end":{"line":67,"column":89}},"45":{"start":{"line":68,"column":31},"end":{"line":68,"column":110}},"46":{"start":{"line":69,"column":12},"end":{"line":80,"column":15}},"47":{"start":{"line":72,"column":24},"end":{"line":77,"column":26}},"48":{"start":{"line":82,"column":8},"end":{"line":82,"column":28}},"49":{"start":{"line":85,"column":8},"end":{"line":85,"column":123}},"50":{"start":{"line":89,"column":4},"end":{"line":98,"column":7}},"51":{"start":{"line":90,"column":8},"end":{"line":97,"column":9}},"52":{"start":{"line":91,"column":12},"end":{"line":91,"column":83}},"53":{"start":{"line":92,"column":12},"end":{"line":92,"column":38}},"54":{"start":{"line":95,"column":12},"end":{"line":95,"column":54}},"55":{"start":{"line":96,"column":12},"end":{"line":96,"column":66}}},"fnMap":{"0":{"name":"(anonymous_0)","decl":{"start":{"line":15,"column":10},"end":{"line":15,"column":11}},"loc":{"start":{"line":15,"column":40},"end":{"line":87,"column":1}}},"1":{"name":"(anonymous_1)","decl":{"start":{"line":43,"column":41},"end":{"line":43,"column":42}},"loc":{"start":{"line":43,"column":65},"end":{"line":63,"column":9}}},"2":{"name":"(anonymous_2)","decl":{"start":{"line":46,"column":39},"end":{"line":46,"column":40}},"loc":{"start":{"line":46,"column":56},"end":{"line":52,"column":17}}},"3":{"name":"(anonymous_3)","decl":{"start":{"line":55,"column":42},"end":{"line":55,"column":43}},"loc":{"start":{"line":55,"column":62},"end":{"line":61,"column":17}}},"4":{"name":"(anonymous_4)","decl":{"start":{"line":64,"column":43},"end":{"line":64,"column":44}},"loc":{"start":{"line":64,"column":59},"end":{"line":64,"column":94}}},"5":{"name":"(anonymous_5)","decl":{"start":{"line":71,"column":76},"end":{"line":71,"column":77}},"loc":{"start":{"line":71,"column":92},"end":{"line":78,"column":21}}},"6":{"name":"(anonymous_6)","decl":{"start":{"line":88,"column":10},"end":{"line":88,"column":11}},"loc":{"start":{"line":88,"column":38},"end":{"line":99,"column":1}}},"7":{"name":"(anonymous_7)","decl":{"start":{"line":89,"column":29},"end":{"line":89,"column":30}},"loc":{"start":{"line":89,"column":45},"end":{"line":98,"column":5}}}},"branchMap":{"0":{"loc":{"start":{"line":21,"column":19},"end":{"line":21,"column":59}},"type":"binary-expr","locations":[{"start":{"line":21,"column":19},"end":{"line":21,"column":42}},{"start":{"line":21,"column":46},"end":{"line":21,"column":59}}]},"1":{"loc":{"start":{"line":23,"column":4},"end":{"line":86,"column":5}},"type":"if","locations":[{"start":{"line":23,"column":4},"end":{"line":86,"column":5}},{"start":{"line":23,"column":4},"end":{"line":86,"column":5}}]},"2":{"loc":{"start":{"line":24,"column":8},"end":{"line":26,"column":9}},"type":"if","locations":[{"start":{"line":24,"column":8},"end":{"line":26,"column":9}},{"start":{"line":24,"column":8},"end":{"line":26,"column":9}}]},"3":{"loc":{"start":{"line":34,"column":9},"end":{"line":86,"column":5}},"type":"if","locations":[{"start":{"line":34,"column":9},"end":{"line":86,"column":5}},{"start":{"line":34,"column":9},"end":{"line":86,"column":5}}]},"4":{"loc":{"start":{"line":35,"column":8},"end":{"line":37,"column":9}},"type":"if","locations":[{"start":{"line":35,"column":8},"end":{"line":37,"column":9}},{"start":{"line":35,"column":8},"end":{"line":37,"column":9}}]},"5":{"loc":{"start":{"line":45,"column":12},"end":{"line":53,"column":13}},"type":"if","locations":[{"start":{"line":45,"column":12},"end":{"line":53,"column":13}},{"start":{"line":45,"column":12},"end":{"line":53,"column":13}}]},"6":{"loc":{"start":{"line":54,"column":12},"end":{"line":62,"column":13}},"type":"if","locations":[{"start":{"line":54,"column":12},"end":{"line":62,"column":13}},{"start":{"line":54,"column":12},"end":{"line":62,"column":13}}]},"7":{"loc":{"start":{"line":65,"column":8},"end":{"line":81,"column":9}},"type":"if","locations":[{"start":{"line":65,"column":8},"end":{"line":81,"column":9}},{"start":{"line":65,"column":8},"end":{"line":81,"column":9}}]},"8":{"loc":{"start":{"line":90,"column":8},"end":{"line":97,"column":9}},"type":"if","locations":[{"start":{"line":90,"column":8},"end":{"line":97,"column":9}},{"start":{"line":90,"column":8},"end":{"line":97,"column":9}}]}},"s":{"0":0,"1":0,"2":0,"3":0,"4":0,"5":0,"6":0,"7":0,"8":0,"9":0,"10":0,"11":0,"12":0,"13":0,"14":0,"15":0,"16":0,"17":0,"18":0,"19":0,"20":0,"21":0,"22":0,"23":0,"24":0,"25":0,"26":0,"27":0,"28":0,"29":0,"30":0,"31":0,"32":0,"33":0,"34":0,"35":0,"36":0,"37":0,"38":0,"39":0,"40":0,"41":0,"42":0,"43":0,"44":0,"45":0,"46":0,"47":0,"48":0,"49":0,"50":0,"51":0,"52":0,"53":0,"54":0,"55":0},"f":{"0":0,"1":0,"2":0,"3":0,"4":0,"5":0,"6":0,"7":0},"b":{"0":[0,0],"1":[0,0],"2":[0,0],"3":[0,0],"4":[0,0],"5":[0,0],"6":[0,0],"7":[0,0],"8":[0,0]}}
,"/Users/dotansimha/Dev/graphql-codegen/src/interfaces.ts": {"path":"/Users/dotansimha/Dev/graphql-codegen/src/interfaces.ts","statementMap":{},"fnMap":{},"branchMap":{},"s":{},"f":{},"b":{}}
,"/Users/dotansimha/Dev/graphql-codegen/src/model-handler.ts": {"path":"/Users/dotansimha/Dev/graphql-codegen/src/model-handler.ts","statementMap":{"0":{"start":{"line":2,"column":19},"end":{"line":2,"column":53}},"1":{"start":{"line":3,"column":19},"end":{"line":3,"column":53}},"2":{"start":{"line":4,"column":19},"end":{"line":4,"column":53}},"3":{"start":{"line":5,"column":19},"end":{"line":5,"column":53}},"4":{"start":{"line":6,"column":19},"end":{"line":6,"column":53}},"5":{"start":{"line":7,"column":19},"end":{"line":7,"column":53}},"6":{"start":{"line":8,"column":19},"end":{"line":8,"column":53}},"7":{"start":{"line":9,"column":19},"end":{"line":9,"column":53}},"8":{"start":{"line":10,"column":14},"end":{"line":10,"column":32}},"9":{"start":{"line":11,"column":0},"end":{"line":70,"column":2}},"10":{"start":{"line":12,"column":22},"end":{"line":18,"column":5}},"11":{"start":{"line":19,"column":4},"end":{"line":69,"column":5}},"12":{"start":{"line":20,"column":8},"end":{"line":64,"column":9}},"13":{"start":{"line":21,"column":12},"end":{"line":21,"column":38}},"14":{"start":{"line":22,"column":12},"end":{"line":28,"column":15}},"15":{"start":{"line":23,"column":16},"end":{"line":27,"column":18}},"16":{"start":{"line":30,"column":13},"end":{"line":64,"column":9}},"17":{"start":{"line":31,"column":12},"end":{"line":31,"column":40}},"18":{"start":{"line":32,"column":27},"end":{"line":32,"column":43}},"19":{"start":{"line":33,"column":12},"end":{"line":38,"column":13}},"20":{"start":{"line":34,"column":16},"end":{"line":36,"column":19}},"21":{"start":{"line":35,"column":20},"end":{"line":35,"column":39}},"22":{"start":{"line":37,"column":16},"end":{"line":37,"column":100}},"23":{"start":{"line":39,"column":12},"end":{"line":53,"column":15}},"24":{"start":{"line":41,"column":44},"end":{"line":41,"column":71}},"25":{"start":{"line":43,"column":27},"end":{"line":43,"column":73}},"26":{"start":{"line":44,"column":16},"end":{"line":46,"column":17}},"27":{"start":{"line":45,"column":20},"end":{"line":45,"column":51}},"28":{"start":{"line":47,"column":16},"end":{"line":52,"column":18}},"29":{"start":{"line":55,"column":13},"end":{"line":64,"column":9}},"30":{"start":{"line":56,"column":12},"end":{"line":56,"column":53}},"31":{"start":{"line":57,"column":12},"end":{"line":57,"column":39}},"32":{"start":{"line":58,"column":12},"end":{"line":58,"column":41}},"33":{"start":{"line":59,"column":12},"end":{"line":59,"column":96}},"34":{"start":{"line":59,"column":75},"end":{"line":59,"column":92}},"35":{"start":{"line":60,"column":12},"end":{"line":60,"column":74}},"36":{"start":{"line":62,"column":13},"end":{"line":64,"column":9}},"37":{"start":{"line":63,"column":12},"end":{"line":63,"column":96}},"38":{"start":{"line":65,"column":8},"end":{"line":65,"column":27}},"39":{"start":{"line":68,"column":8},"end":{"line":68,"column":20}}},"fnMap":{"0":{"name":"(anonymous_0)","decl":{"start":{"line":11,"column":21},"end":{"line":11,"column":22}},"loc":{"start":{"line":11,"column":62},"end":{"line":70,"column":1}}},"1":{"name":"(anonymous_1)","decl":{"start":{"line":22,"column":58},"end":{"line":22,"column":59}},"loc":{"start":{"line":22,"column":78},"end":{"line":28,"column":13}}},"2":{"name":"(anonymous_2)","decl":{"start":{"line":34,"column":77},"end":{"line":34,"column":78}},"loc":{"start":{"line":34,"column":95},"end":{"line":36,"column":17}}},"3":{"name":"(anonymous_3)","decl":{"start":{"line":41,"column":21},"end":{"line":41,"column":22}},"loc":{"start":{"line":41,"column":42},"end":{"line":41,"column":73}}},"4":{"name":"(anonymous_4)","decl":{"start":{"line":42,"column":21},"end":{"line":42,"column":22}},"loc":{"start":{"line":42,"column":38},"end":{"line":53,"column":13}}},"5":{"name":"(anonymous_5)","decl":{"start":{"line":59,"column":57},"end":{"line":59,"column":58}},"loc":{"start":{"line":59,"column":73},"end":{"line":59,"column":94}}}},"branchMap":{"0":{"loc":{"start":{"line":19,"column":4},"end":{"line":69,"column":5}},"type":"if","locations":[{"start":{"line":19,"column":4},"end":{"line":69,"column":5}},{"start":{"line":19,"column":4},"end":{"line":69,"column":5}}]},"1":{"loc":{"start":{"line":20,"column":8},"end":{"line":64,"column":9}},"type":"if","locations":[{"start":{"line":20,"column":8},"end":{"line":64,"column":9}},{"start":{"line":20,"column":8},"end":{"line":64,"column":9}}]},"2":{"loc":{"start":{"line":30,"column":13},"end":{"line":64,"column":9}},"type":"if","locations":[{"start":{"line":30,"column":13},"end":{"line":64,"column":9}},{"start":{"line":30,"column":13},"end":{"line":64,"column":9}}]},"3":{"loc":{"start":{"line":30,"column":17},"end":{"line":30,"column":171}},"type":"binary-expr","locations":[{"start":{"line":30,"column":17},"end":{"line":30,"column":63}},{"start":{"line":30,"column":67},"end":{"line":30,"column":118}},{"start":{"line":30,"column":122},"end":{"line":30,"column":171}}]},"4":{"loc":{"start":{"line":33,"column":12},"end":{"line":38,"column":13}},"type":"if","locations":[{"start":{"line":33,"column":12},"end":{"line":38,"column":13}},{"start":{"line":33,"column":12},"end":{"line":38,"column":13}}]},"5":{"loc":{"start":{"line":44,"column":16},"end":{"line":46,"column":17}},"type":"if","locations":[{"start":{"line":44,"column":16},"end":{"line":46,"column":17}},{"start":{"line":44,"column":16},"end":{"line":46,"column":17}}]},"6":{"loc":{"start":{"line":55,"column":13},"end":{"line":64,"column":9}},"type":"if","locations":[{"start":{"line":55,"column":13},"end":{"line":64,"column":9}},{"start":{"line":55,"column":13},"end":{"line":64,"column":9}}]},"7":{"loc":{"start":{"line":56,"column":31},"end":{"line":56,"column":52}},"type":"binary-expr","locations":[{"start":{"line":56,"column":31},"end":{"line":56,"column":40}},{"start":{"line":56,"column":44},"end":{"line":56,"column":52}}]},"8":{"loc":{"start":{"line":62,"column":13},"end":{"line":64,"column":9}},"type":"if","locations":[{"start":{"line":62,"column":13},"end":{"line":64,"column":9}},{"start":{"line":62,"column":13},"end":{"line":64,"column":9}}]},"9":{"loc":{"start":{"line":62,"column":17},"end":{"line":62,"column":104}},"type":"binary-expr","locations":[{"start":{"line":62,"column":17},"end":{"line":62,"column":57}},{"start":{"line":62,"column":61},"end":{"line":62,"column":104}}]}},"s":{"0":0,"1":0,"2":0,"3":0,"4":0,"5":0,"6":0,"7":0,"8":0,"9":0,"10":0,"11":0,"12":0,"13":0,"14":0,"15":0,"16":0,"17":0,"18":0,"19":0,"20":0,"21":0,"22":0,"23":0,"24":0,"25":0,"26":0,"27":0,"28":0,"29":0,"30":0,"31":0,"32":0,"33":0,"34":0,"35":0,"36":0,"37":0,"38":0,"39":0},"f":{"0":0,"1":0,"2":0,"3":0,"4":0,"5":0},"b":{"0":[0,0],"1":[0,0],"2":[0,0],"3":[0,0,0],"4":[0,0],"5":[0,0],"6":[0,0],"7":[0,0],"8":[0,0],"9":[0,0]}}
,"/Users/dotansimha/Dev/graphql-codegen/src/operation-handler.ts": {"path":"/Users/dotansimha/Dev/graphql-codegen/src/operation-handler.ts","statementMap":{"0":{"start":{"line":2,"column":20},"end":{"line":2,"column":60}},"1":{"start":{"line":3,"column":19},"end":{"line":3,"column":53}},"2":{"start":{"line":4,"column":14},"end":{"line":4,"column":47}},"3":{"start":{"line":5,"column":14},"end":{"line":5,"column":32}},"4":{"start":{"line":6,"column":17},"end":{"line":6,"column":39}},"5":{"start":{"line":7,"column":16},"end":{"line":7,"column":51}},"6":{"start":{"line":8,"column":15},"end":{"line":12,"column":1}},"7":{"start":{"line":13,"column":16},"end":{"line":15,"column":1}},"8":{"start":{"line":14,"column":4},"end":{"line":14,"column":45}},"9":{"start":{"line":16,"column":21},"end":{"line":26,"column":1}},"10":{"start":{"line":17,"column":4},"end":{"line":25,"column":7}},"11":{"start":{"line":18,"column":29},"end":{"line":18,"column":87}},"12":{"start":{"line":19,"column":8},"end":{"line":24,"column":10}},"13":{"start":{"line":27,"column":29},"end":{"line":32,"column":1}},"14":{"start":{"line":28,"column":4},"end":{"line":30,"column":5}},"15":{"start":{"line":28,"column":41},"end":{"line":28,"column":68}},"16":{"start":{"line":29,"column":8},"end":{"line":29,"column":26}},"17":{"start":{"line":31,"column":4},"end":{"line":31,"column":16}},"18":{"start":{"line":33,"column":0},"end":{"line":106,"column":2}},"19":{"start":{"line":34,"column":4},"end":{"line":34,"column":43}},"20":{"start":{"line":34,"column":29},"end":{"line":34,"column":41}},"21":{"start":{"line":35,"column":4},"end":{"line":104,"column":7}},"22":{"start":{"line":36,"column":8},"end":{"line":103,"column":9}},"23":{"start":{"line":38,"column":32},"end":{"line":38,"column":56}},"24":{"start":{"line":39,"column":35},"end":{"line":39,"column":94}},"25":{"start":{"line":40,"column":28},"end":{"line":40,"column":74}},"26":{"start":{"line":41,"column":30},"end":{"line":41,"column":40}},"27":{"start":{"line":42,"column":33},"end":{"line":42,"column":67}},"28":{"start":{"line":43,"column":16},"end":{"line":77,"column":17}},"29":{"start":{"line":44,"column":36},"end":{"line":44,"column":89}},"30":{"start":{"line":45,"column":32},"end":{"line":50,"column":21}},"31":{"start":{"line":51,"column":20},"end":{"line":51,"column":39}},"32":{"start":{"line":52,"column":20},"end":{"line":52,"column":128}},"33":{"start":{"line":53,"column":20},"end":{"line":62,"column":21}},"34":{"start":{"line":55,"column":24},"end":{"line":60,"column":26}},"35":{"start":{"line":61,"column":24},"end":{"line":61,"column":46}},"36":{"start":{"line":63,"column":20},"end":{"line":68,"column":23}},"37":{"start":{"line":71,"column":20},"end":{"line":76,"column":23}},"38":{"start":{"line":78,"column":16},"end":{"line":78,"column":22}},"39":{"start":{"line":80,"column":35},"end":{"line":80,"column":59}},"40":{"start":{"line":81,"column":16},"end":{"line":81,"column":70}},"41":{"start":{"line":82,"column":16},"end":{"line":82,"column":76}},"42":{"start":{"line":83,"column":16},"end":{"line":83,"column":22}},"43":{"start":{"line":85,"column":27},"end":{"line":85,"column":89}},"44":{"start":{"line":86,"column":27},"end":{"line":86,"column":84}},"45":{"start":{"line":87,"column":36},"end":{"line":92,"column":17}},"46":{"start":{"line":93,"column":16},"end":{"line":96,"column":19}},"47":{"start":{"line":97,"column":16},"end":{"line":97,"column":82}},"48":{"start":{"line":98,"column":16},"end":{"line":98,"column":43}},"49":{"start":{"line":99,"column":16},"end":{"line":99,"column":126}},"50":{"start":{"line":100,"column":16},"end":{"line":100,"column":22}},"51":{"start":{"line":102,"column":16},"end":{"line":102,"column":22}},"52":{"start":{"line":105,"column":4},"end":{"line":105,"column":18}},"53":{"start":{"line":107,"column":0},"end":{"line":118,"column":2}},"54":{"start":{"line":108,"column":4},"end":{"line":117,"column":5}},"55":{"start":{"line":110,"column":12},"end":{"line":110,"column":41}},"56":{"start":{"line":112,"column":12},"end":{"line":112,"column":44}},"57":{"start":{"line":114,"column":12},"end":{"line":114,"column":48}},"58":{"start":{"line":116,"column":12},"end":{"line":116,"column":19}},"59":{"start":{"line":119,"column":0},"end":{"line":148,"column":2}},"60":{"start":{"line":120,"column":15},"end":{"line":120,"column":40}},"61":{"start":{"line":121,"column":15},"end":{"line":121,"column":39}},"62":{"start":{"line":122,"column":15},"end":{"line":122,"column":54}},"63":{"start":{"line":123,"column":20},"end":{"line":123,"column":41}},"64":{"start":{"line":124,"column":19},"end":{"line":137,"column":5}},"65":{"start":{"line":138,"column":4},"end":{"line":138,"column":79}},"66":{"start":{"line":139,"column":4},"end":{"line":139,"column":114}},"67":{"start":{"line":140,"column":4},"end":{"line":140,"column":58}},"68":{"start":{"line":141,"column":4},"end":{"line":141,"column":60}},"69":{"start":{"line":142,"column":4},"end":{"line":146,"column":7}},"70":{"start":{"line":143,"column":8},"end":{"line":145,"column":9}},"71":{"start":{"line":144,"column":12},"end":{"line":144,"column":46}},"72":{"start":{"line":147,"column":4},"end":{"line":147,"column":20}}},"fnMap":{"0":{"name":"(anonymous_0)","decl":{"start":{"line":13,"column":16},"end":{"line":13,"column":17}},"loc":{"start":{"line":13,"column":38},"end":{"line":15,"column":1}}},"1":{"name":"(anonymous_1)","decl":{"start":{"line":16,"column":21},"end":{"line":16,"column":22}},"loc":{"start":{"line":16,"column":70},"end":{"line":26,"column":1}}},"2":{"name":"(anonymous_2)","decl":{"start":{"line":17,"column":50},"end":{"line":17,"column":51}},"loc":{"start":{"line":17,"column":80},"end":{"line":25,"column":5}}},"3":{"name":"(anonymous_3)","decl":{"start":{"line":27,"column":29},"end":{"line":27,"column":30}},"loc":{"start":{"line":27,"column":55},"end":{"line":32,"column":1}}},"4":{"name":"(anonymous_4)","decl":{"start":{"line":28,"column":22},"end":{"line":28,"column":23}},"loc":{"start":{"line":28,"column":39},"end":{"line":28,"column":70}}},"5":{"name":"(anonymous_5)","decl":{"start":{"line":33,"column":32},"end":{"line":33,"column":33}},"loc":{"start":{"line":33,"column":107},"end":{"line":106,"column":1}}},"6":{"name":"(anonymous_6)","decl":{"start":{"line":35,"column":54},"end":{"line":35,"column":55}},"loc":{"start":{"line":35,"column":79},"end":{"line":104,"column":5}}},"7":{"name":"(anonymous_7)","decl":{"start":{"line":107,"column":18},"end":{"line":107,"column":19}},"loc":{"start":{"line":107,"column":47},"end":{"line":118,"column":1}}},"8":{"name":"(anonymous_8)","decl":{"start":{"line":119,"column":26},"end":{"line":119,"column":27}},"loc":{"start":{"line":119,"column":75},"end":{"line":148,"column":1}}},"9":{"name":"(anonymous_9)","decl":{"start":{"line":142,"column":31},"end":{"line":142,"column":32}},"loc":{"start":{"line":142,"column":48},"end":{"line":146,"column":5}}}},"branchMap":{"0":{"loc":{"start":{"line":28,"column":4},"end":{"line":30,"column":5}},"type":"if","locations":[{"start":{"line":28,"column":4},"end":{"line":30,"column":5}},{"start":{"line":28,"column":4},"end":{"line":30,"column":5}}]},"1":{"loc":{"start":{"line":34,"column":4},"end":{"line":34,"column":43}},"type":"if","locations":[{"start":{"line":34,"column":4},"end":{"line":34,"column":43}},{"start":{"line":34,"column":4},"end":{"line":34,"column":43}}]},"2":{"loc":{"start":{"line":35,"column":5},"end":{"line":35,"column":44}},"type":"cond-expr","locations":[{"start":{"line":35,"column":18},"end":{"line":35,"column":39}},{"start":{"line":35,"column":42},"end":{"line":35,"column":44}}]},"3":{"loc":{"start":{"line":36,"column":8},"end":{"line":103,"column":9}},"type":"switch","locations":[{"start":{"line":37,"column":12},"end":{"line":78,"column":22}},{"start":{"line":79,"column":12},"end":{"line":83,"column":22}},{"start":{"line":84,"column":12},"end":{"line":100,"column":22}},{"start":{"line":101,"column":12},"end":{"line":102,"column":22}}]},"4":{"loc":{"start":{"line":39,"column":35},"end":{"line":39,"column":94}},"type":"cond-expr","locations":[{"start":{"line":39,"column":57},"end":{"line":39,"column":82}},{"start":{"line":39,"column":85},"end":{"line":39,"column":94}}]},"5":{"loc":{"start":{"line":43,"column":16},"end":{"line":77,"column":17}},"type":"if","locations":[{"start":{"line":43,"column":16},"end":{"line":77,"column":17}},{"start":{"line":43,"column":16},"end":{"line":77,"column":17}}]},"6":{"loc":{"start":{"line":53,"column":20},"end":{"line":62,"column":21}},"type":"if","locations":[{"start":{"line":53,"column":20},"end":{"line":62,"column":21}},{"start":{"line":53,"column":20},"end":{"line":62,"column":21}}]},"7":{"loc":{"start":{"line":108,"column":4},"end":{"line":117,"column":5}},"type":"switch","locations":[{"start":{"line":109,"column":8},"end":{"line":110,"column":41}},{"start":{"line":111,"column":8},"end":{"line":112,"column":44}},{"start":{"line":113,"column":8},"end":{"line":114,"column":48}},{"start":{"line":115,"column":8},"end":{"line":116,"column":19}}]},"8":{"loc":{"start":{"line":143,"column":8},"end":{"line":145,"column":9}},"type":"if","locations":[{"start":{"line":143,"column":8},"end":{"line":145,"column":9}},{"start":{"line":143,"column":8},"end":{"line":145,"column":9}}]},"9":{"loc":{"start":{"line":143,"column":12},"end":{"line":143,"column":73}},"type":"binary-expr","locations":[{"start":{"line":143,"column":12},"end":{"line":143,"column":22}},{"start":{"line":143,"column":26},"end":{"line":143,"column":73}}]}},"s":{"0":2,"1":2,"2":2,"3":2,"4":2,"5":2,"6":2,"7":2,"8":0,"9":2,"10":0,"11":0,"12":0,"13":2,"14":24,"15":12,"16":0,"17":24,"18":2,"19":36,"20":12,"21":36,"22":86,"23":84,"24":84,"25":84,"26":84,"27":84,"28":84,"29":24,"30":24,"31":24,"32":24,"33":24,"34":0,"35":0,"36":24,"37":60,"38":84,"39":2,"40":2,"41":2,"42":2,"43":0,"44":0,"45":0,"46":0,"47":0,"48":0,"49":0,"50":0,"51":0,"52":36,"53":2,"54":1,"55":1,"56":0,"57":0,"58":0,"59":2,"60":0,"61":0,"62":0,"63":0,"64":0,"65":0,"66":0,"67":0,"68":0,"69":0,"70":0,"71":0,"72":0},"f":{"0":0,"1":0,"2":0,"3":24,"4":12,"5":36,"6":86,"7":1,"8":0,"9":0},"b":{"0":[0,24],"1":[12,24],"2":[36,0],"3":[84,2,0,0],"4":[0,84],"5":[24,60],"6":[0,24],"7":[1,0,0,0],"8":[0,0],"9":[0,0]},"_coverageSchema":"332fd63041d2c1bcb487cc26dd0d5f7d97098a6c","hash":"fc1c7e5bf40673cdaf41a3a9759b388ec4c8ecf4"}
,"/Users/dotansimha/Dev/graphql-codegen/src/scheme-loader.ts": {"path":"/Users/dotansimha/Dev/graphql-codegen/src/scheme-loader.ts","statementMap":{"0":{"start":{"line":2,"column":16},"end":{"line":2,"column":34}},"1":{"start":{"line":3,"column":0},"end":{"line":7,"column":2}},"2":{"start":{"line":4,"column":4},"end":{"line":6,"column":5}},"3":{"start":{"line":5,"column":8},"end":{"line":5,"column":52}},"4":{"start":{"line":8,"column":0},"end":{"line":11,"column":2}},"5":{"start":{"line":9,"column":4},"end":{"line":9,"column":41}},"6":{"start":{"line":10,"column":4},"end":{"line":10,"column":53}}},"fnMap":{"0":{"name":"(anonymous_0)","decl":{"start":{"line":3,"column":25},"end":{"line":3,"column":26}},"loc":{"start":{"line":3,"column":43},"end":{"line":7,"column":1}}},"1":{"name":"(anonymous_1)","decl":{"start":{"line":8,"column":21},"end":{"line":8,"column":22}},"loc":{"start":{"line":8,"column":45},"end":{"line":11,"column":1}}}},"branchMap":{"0":{"loc":{"start":{"line":4,"column":4},"end":{"line":6,"column":5}},"type":"if","locations":[{"start":{"line":4,"column":4},"end":{"line":6,"column":5}},{"start":{"line":4,"column":4},"end":{"line":6,"column":5}}]}},"s":{"0":3,"1":3,"2":6,"3":1,"4":3,"5":4,"6":4},"f":{"0":6,"1":4},"b":{"0":[1,5]},"_coverageSchema":"332fd63041d2c1bcb487cc26dd0d5f7d97098a6c","hash":"3985dd6e4d0aefe6dfeb7708db793867a58124d1"}
,"/Users/dotansimha/Dev/graphql-codegen/src/templates.ts": {"path":"/Users/dotansimha/Dev/graphql-codegen/src/templates.ts","statementMap":{"0":{"start":{"line":2,"column":9},"end":{"line":2,"column":22}},"1":{"start":{"line":3,"column":11},"end":{"line":3,"column":26}},"2":{"start":{"line":4,"column":16},"end":{"line":9,"column":1}},"3":{"start":{"line":5,"column":20},"end":{"line":5,"column":61}},"4":{"start":{"line":6,"column":18},"end":{"line":6,"column":108}},"5":{"start":{"line":7,"column":4},"end":{"line":7,"column":36}},"6":{"start":{"line":8,"column":4},"end":{"line":8,"column":18}},"7":{"start":{"line":10,"column":0},"end":{"line":26,"column":2}}},"fnMap":{"0":{"name":"(anonymous_0)","decl":{"start":{"line":4,"column":16},"end":{"line":4,"column":17}},"loc":{"start":{"line":4,"column":41},"end":{"line":9,"column":1}}}},"branchMap":{},"s":{"0":0,"1":0,"2":0,"3":0,"4":0,"5":0,"6":0,"7":0},"f":{"0":0},"b":{}}
,"/Users/dotansimha/Dev/graphql-codegen/src/utils.ts": {"path":"/Users/dotansimha/Dev/graphql-codegen/src/utils.ts","statementMap":{"0":{"start":{"line":2,"column":19},"end":{"line":2,"column":53}},"1":{"start":{"line":3,"column":19},"end":{"line":3,"column":53}},"2":{"start":{"line":4,"column":0},"end":{"line":6,"column":2}},"3":{"start":{"line":5,"column":4},"end":{"line":5,"column":137}},"4":{"start":{"line":5,"column":59},"end":{"line":5,"column":85}},"5":{"start":{"line":5,"column":112},"end":{"line":5,"column":133}},"6":{"start":{"line":7,"column":0},"end":{"line":13,"column":2}},"7":{"start":{"line":8,"column":4},"end":{"line":12,"column":36}},"8":{"start":{"line":14,"column":0},"end":{"line":16,"column":2}},"9":{"start":{"line":15,"column":4},"end":{"line":15,"column":47}},"10":{"start":{"line":17,"column":0},"end":{"line":19,"column":2}},"11":{"start":{"line":18,"column":4},"end":{"line":18,"column":47}},"12":{"start":{"line":20,"column":0},"end":{"line":28,"column":2}},"13":{"start":{"line":21,"column":15},"end":{"line":21,"column":56}},"14":{"start":{"line":22,"column":4},"end":{"line":27,"column":5}},"15":{"start":{"line":23,"column":8},"end":{"line":23,"column":35}},"16":{"start":{"line":26,"column":8},"end":{"line":26,"column":20}},"17":{"start":{"line":30,"column":15},"end":{"line":30,"column":34}},"18":{"start":{"line":31,"column":4},"end":{"line":34,"column":5}},"19":{"start":{"line":33,"column":8},"end":{"line":33,"column":44}},"20":{"start":{"line":36,"column":0},"end":{"line":36,"column":34}}},"fnMap":{"0":{"name":"(anonymous_0)","decl":{"start":{"line":4,"column":22},"end":{"line":4,"column":23}},"loc":{"start":{"line":4,"column":53},"end":{"line":6,"column":1}}},"1":{"name":"(anonymous_1)","decl":{"start":{"line":5,"column":42},"end":{"line":5,"column":43}},"loc":{"start":{"line":5,"column":57},"end":{"line":5,"column":87}}},"2":{"name":"(anonymous_2)","decl":{"start":{"line":5,"column":94},"end":{"line":5,"column":95}},"loc":{"start":{"line":5,"column":110},"end":{"line":5,"column":135}}},"3":{"name":"(anonymous_3)","decl":{"start":{"line":7,"column":21},"end":{"line":7,"column":22}},"loc":{"start":{"line":7,"column":41},"end":{"line":13,"column":1}}},"4":{"name":"(anonymous_4)","decl":{"start":{"line":14,"column":21},"end":{"line":14,"column":22}},"loc":{"start":{"line":14,"column":37},"end":{"line":16,"column":1}}},"5":{"name":"(anonymous_5)","decl":{"start":{"line":17,"column":18},"end":{"line":17,"column":19}},"loc":{"start":{"line":17,"column":34},"end":{"line":19,"column":1}}},"6":{"name":"(anonymous_6)","decl":{"start":{"line":20,"column":22},"end":{"line":20,"column":23}},"loc":{"start":{"line":20,"column":53},"end":{"line":28,"column":1}}},"7":{"name":"getFieldDef","decl":{"start":{"line":29,"column":9},"end":{"line":29,"column":20}},"loc":{"start":{"line":29,"column":43},"end":{"line":35,"column":1}}}},"branchMap":{"0":{"loc":{"start":{"line":8,"column":11},"end":{"line":12,"column":35}},"type":"binary-expr","locations":[{"start":{"line":8,"column":11},"end":{"line":8,"column":20}},{"start":{"line":9,"column":8},"end":{"line":9,"column":35}},{"start":{"line":10,"column":8},"end":{"line":10,"column":28}},{"start":{"line":11,"column":8},"end":{"line":11,"column":31}},{"start":{"line":12,"column":8},"end":{"line":12,"column":35}}]},"1":{"loc":{"start":{"line":22,"column":4},"end":{"line":27,"column":5}},"type":"if","locations":[{"start":{"line":22,"column":4},"end":{"line":27,"column":5}},{"start":{"line":22,"column":4},"end":{"line":27,"column":5}}]},"2":{"loc":{"start":{"line":31,"column":4},"end":{"line":34,"column":5}},"type":"if","locations":[{"start":{"line":31,"column":4},"end":{"line":34,"column":5}},{"start":{"line":31,"column":4},"end":{"line":34,"column":5}}]},"3":{"loc":{"start":{"line":31,"column":8},"end":{"line":32,"column":63}},"type":"binary-expr","locations":[{"start":{"line":31,"column":8},"end":{"line":31,"column":60}},{"start":{"line":32,"column":8},"end":{"line":32,"column":63}}]}},"s":{"0":2,"1":2,"2":2,"3":2,"4":2,"5":2,"6":2,"7":8,"8":2,"9":86,"10":2,"11":86,"12":2,"13":67,"14":67,"15":63,"16":4,"17":85,"18":85,"19":85,"20":2},"f":{"0":2,"1":2,"2":2,"3":8,"4":86,"5":86,"6":67,"7":85},"b":{"0":[8,7,6,5,4],"1":[63,4],"2":[85,0],"3":[85,0]},"_coverageSchema":"332fd63041d2c1bcb487cc26dd0d5f7d97098a6c","hash":"40178b1729177dcb4f73e22bf2282ab238b2ca24"}
}
