TN:
SF:/Users/dotansimha/Dev/graphql-codegen/src/cli.ts
FN:7,(anonymous_0)
FN:19,(anonymous_1)
FN:27,(anonymous_2)
FN:39,(anonymous_3)
FN:63,(anonymous_4)
FNF:5
FNH:0
FNDA:0,(anonymous_0)
FNDA:0,(anonymous_1)
FNDA:0,(anonymous_2)
FNDA:0,(anonymous_3)
FNDA:0,(anonymous_4)
DA:2,0
DA:3,0
DA:4,0
DA:5,0
DA:6,0
DA:7,0
DA:8,0
DA:17,0
DA:19,0
DA:20,0
DA:21,0
DA:23,0
DA:24,0
DA:25,0
DA:27,0
DA:28,0
DA:29,0
DA:30,0
DA:31,0
DA:32,0
DA:33,0
DA:35,0
DA:36,0
DA:39,0
DA:40,0
DA:41,0
DA:42,0
DA:43,0
DA:44,0
DA:45,0
DA:46,0
DA:48,0
DA:49,0
DA:51,0
DA:52,0
DA:54,0
DA:55,0
DA:57,0
DA:58,0
DA:59,0
DA:64,0
DA:65,0
DA:66,0
DA:67,0
DA:68,0
DA:69,0
DA:70,0
LF:47
LH:0
BRDA:20,0,0,0
BRDA:20,0,1,0
BRDA:32,1,0,0
BRDA:32,1,1,0
BRDA:32,2,0,0
BRDA:32,2,1,0
BRDA:35,3,0,0
BRDA:35,3,1,0
BRDA:42,4,0,0
BRDA:42,4,1,0
BRDA:48,5,0,0
BRDA:48,5,1,0
BRDA:51,6,0,0
BRDA:51,6,1,0
BRDA:54,7,0,0
BRDA:54,7,1,0
BRF:16
BRH:0
end_of_record
TN:
SF:/Users/dotansimha/Dev/graphql-codegen/src/codegen.ts
FN:6,(anonymous_0)
FN:11,(anonymous_1)
FN:14,(anonymous_2)
FN:27,(anonymous_3)
FN:28,(anonymous_4)
FNF:5
FNH:0
FNDA:0,(anonymous_0)
FNDA:0,(anonymous_1)
FNDA:0,(anonymous_2)
FNDA:0,(anonymous_3)
FNDA:0,(anonymous_4)
DA:2,0
DA:3,0
DA:4,0
DA:5,0
DA:6,0
DA:7,0
DA:8,0
DA:9,0
DA:10,0
DA:11,0
DA:12,0
DA:14,0
DA:15,0
DA:17,0
DA:18,0
DA:20,0
DA:21,0
DA:23,0
DA:26,0
DA:27,0
DA:28,0
LF:21
LH:0
BRDA:7,0,0,0
BRDA:7,0,1,0
BRDA:15,1,0,0
BRDA:15,1,1,0
BRDA:15,1,2,0
BRF:5
BRH:0
end_of_record
TN:
SF:/Users/dotansimha/Dev/graphql-codegen/src/document-loader.ts
FN:4,(anonymous_0)
FN:12,(anonymous_1)
FNF:2
FNH:2
FNDA:19,(anonymous_0)
FNDA:9,(anonymous_1)
DA:2,4
DA:3,4
DA:4,4
DA:5,19
DA:6,17
DA:9,2
DA:12,4
DA:13,9
LF:8
LH:8
BRDA:5,0,0,17
BRDA:5,0,1,2
BRF:2
BRH:2
end_of_record
TN:
SF:/Users/dotansimha/Dev/graphql-codegen/src/documents-glob.ts
FN:3,(anonymous_0)
FN:4,(anonymous_1)
FN:5,(anonymous_2)
FN:6,(anonymous_3)
FN:17,(anonymous_4)
FN:18,(anonymous_5)
FNF:6
FNH:0
FNDA:0,(anonymous_0)
FNDA:0,(anonymous_1)
FNDA:0,(anonymous_2)
FNDA:0,(anonymous_3)
FNDA:0,(anonymous_4)
FNDA:0,(anonymous_5)
DA:2,0
DA:3,0
DA:4,0
DA:5,0
DA:6,0
DA:7,0
DA:8,0
DA:10,0
DA:11,0
DA:13,0
DA:18,0
DA:19,0
LF:12
LH:0
BRDA:7,0,0,0
BRDA:7,0,1,0
BRDA:10,1,0,0
BRDA:10,1,1,0
BRDA:10,2,0,0
BRDA:10,2,1,0
BRDA:18,3,0,0
BRDA:18,3,1,0
BRF:8
BRH:0
end_of_record
TN:
SF:/Users/dotansimha/Dev/graphql-codegen/src/fragment-handler.ts
FN:6,(anonymous_0)
FNF:1
FNH:1
FNDA:12,(anonymous_0)
DA:2,1
DA:3,1
DA:4,1
DA:5,1
DA:6,1
DA:7,12
DA:8,12
DA:9,12
DA:22,12
DA:29,12
DA:30,12
DA:31,12
DA:32,12
LF:13
LH:13
BRF:0
BRH:0
end_of_record
TN:
SF:/Users/dotansimha/Dev/graphql-codegen/src/index.ts
FN:15,(anonymous_0)
FN:46,(anonymous_1)
FN:49,(anonymous_2)
FN:58,(anonymous_3)
FN:67,(anonymous_4)
FN:74,(anonymous_5)
FN:91,(anonymous_6)
FN:92,(anonymous_7)
FNF:8
FNH:0
FNDA:0,(anonymous_0)
FNDA:0,(anonymous_1)
FNDA:0,(anonymous_2)
FNDA:0,(anonymous_3)
FNDA:0,(anonymous_4)
FNDA:0,(anonymous_5)
FNDA:0,(anonymous_6)
FNDA:0,(anonymous_7)
DA:3,0
DA:4,0
DA:5,0
DA:6,0
DA:7,0
DA:8,0
DA:9,0
DA:10,0
DA:11,0
DA:12,0
DA:13,0
DA:14,0
DA:16,0
DA:17,0
DA:18,0
DA:19,0
DA:20,0
DA:21,0
DA:22,0
DA:23,0
DA:24,0
DA:25,0
DA:27,0
DA:28,0
DA:29,0
DA:30,0
DA:31,0
DA:37,0
DA:38,0
DA:39,0
DA:41,0
DA:42,0
DA:43,0
DA:44,0
DA:45,0
DA:46,0
DA:47,0
DA:48,0
DA:49,0
DA:50,0
DA:57,0
DA:58,0
DA:59,0
DA:67,0
DA:68,0
DA:69,0
DA:70,0
DA:71,0
DA:72,0
DA:75,0
DA:85,0
DA:88,0
DA:92,0
DA:93,0
DA:94,0
DA:95,0
DA:98,0
DA:99,0
LF:58
LH:0
BRDA:21,0,0,0
BRDA:21,0,1,0
BRDA:23,1,0,0
BRDA:23,1,1,0
BRDA:24,2,0,0
BRDA:24,2,1,0
BRDA:37,3,0,0
BRDA:37,3,1,0
BRDA:38,4,0,0
BRDA:38,4,1,0
BRDA:48,5,0,0
BRDA:48,5,1,0
BRDA:57,6,0,0
BRDA:57,6,1,0
BRDA:68,7,0,0
BRDA:68,7,1,0
BRDA:93,8,0,0
BRDA:93,8,1,0
BRF:18
BRH:0
end_of_record
TN:
SF:/Users/dotansimha/Dev/graphql-codegen/src/inner-models-builer.ts
FN:7,(anonymous_0)
FN:9,(anonymous_1)
FNF:2
FNH:2
FNDA:67,(anonymous_0)
FNDA:161,(anonymous_1)
DA:2,2
DA:3,2
DA:4,2
DA:5,2
DA:6,2
DA:7,2
DA:8,67
DA:9,67
DA:10,161
DA:12,151
DA:13,151
DA:14,151
DA:15,151
DA:16,151
DA:17,151
DA:18,45
DA:19,45
DA:25,45
DA:26,45
DA:27,45
DA:29,7
DA:35,7
DA:37,45
DA:45,106
DA:52,151
DA:54,7
DA:55,7
DA:56,7
DA:57,7
DA:59,3
DA:60,3
DA:61,3
DA:67,3
DA:71,3
DA:72,3
DA:73,3
DA:74,3
DA:76,0
DA:79,67
LF:39
LH:38
BRDA:8,0,0,19
BRDA:8,0,1,48
BRDA:9,1,0,67
BRDA:9,1,1,0
BRDA:10,2,0,151
BRDA:10,2,1,7
BRDA:10,2,2,3
BRDA:10,2,3,0
BRDA:13,3,0,0
BRDA:13,3,1,151
BRDA:17,4,0,45
BRDA:17,4,1,106
BRDA:27,5,0,7
BRDA:27,5,1,38
BRF:14
BRH:11
end_of_record
TN:
SF:/Users/dotansimha/Dev/graphql-codegen/src/interfaces.ts
FNF:0
FNH:0
LF:0
LH:0
BRF:0
BRH:0
end_of_record
TN:
SF:/Users/dotansimha/Dev/graphql-codegen/src/introspection-from-file.ts
FN:3,(anonymous_0)
FN:4,(anonymous_1)
FNF:2
FNH:0
FNDA:0,(anonymous_0)
FNDA:0,(anonymous_1)
DA:2,0
DA:3,0
DA:4,0
DA:5,0
DA:6,0
DA:7,0
DA:8,0
DA:9,0
DA:11,0
DA:14,0
DA:18,0
LF:11
LH:0
BRDA:5,0,0,0
BRDA:5,0,1,0
BRDA:8,1,0,0
BRDA:8,1,1,0
BRF:4
BRH:0
end_of_record
TN:
SF:/Users/dotansimha/Dev/graphql-codegen/src/introspection-from-url.ts
FN:4,(anonymous_0)
FN:5,(anonymous_1)
FN:15,(anonymous_2)
FN:22,(anonymous_3)
FNF:4
FNH:0
FNDA:0,(anonymous_0)
FNDA:0,(anonymous_1)
FNDA:0,(anonymous_2)
FNDA:0,(anonymous_3)
DA:2,0
DA:3,0
DA:4,0
DA:5,0
DA:6,0
DA:16,0
DA:17,0
DA:18,0
DA:20,0
DA:21,0
DA:22,0
DA:23,0
DA:25,0
LF:13
LH:0
BRDA:16,0,0,0
BRDA:16,0,1,0
BRDA:21,1,0,0
BRDA:21,1,1,0
BRDA:21,2,0,0
BRDA:21,2,1,0
BRDA:21,2,2,0
BRF:7
BRH:0
end_of_record
TN:
SF:/Users/dotansimha/Dev/graphql-codegen/src/model-handler.ts
FN:4,(anonymous_0)
FN:16,(anonymous_1)
FN:28,(anonymous_2)
FN:35,(anonymous_3)
FN:36,(anonymous_4)
FN:53,(anonymous_5)
FNF:6
FNH:3
FNDA:2,(anonymous_0)
FNDA:0,(anonymous_1)
FNDA:0,(anonymous_2)
FNDA:14,(anonymous_3)
FNDA:14,(anonymous_4)
FNDA:0,(anonymous_5)
DA:2,1
DA:3,1
DA:4,1
DA:5,2
DA:6,2
DA:13,2
DA:14,2
DA:15,0
DA:16,0
DA:17,0
DA:24,2
DA:25,2
DA:26,2
DA:27,2
DA:28,2
DA:29,0
DA:31,2
DA:33,2
DA:35,14
DA:37,14
DA:38,14
DA:39,2
DA:41,14
DA:49,0
DA:50,0
DA:51,0
DA:52,0
DA:53,0
DA:54,0
DA:56,0
DA:57,0
DA:59,0
DA:61,2
DA:64,0
LF:34
LH:20
BRDA:13,0,0,2
BRDA:13,0,1,0
BRDA:14,1,0,0
BRDA:14,1,1,2
BRDA:24,2,0,2
BRDA:24,2,1,0
BRDA:24,3,0,2
BRDA:24,3,1,0
BRDA:24,3,2,0
BRDA:27,4,0,2
BRDA:27,4,1,0
BRDA:38,5,0,2
BRDA:38,5,1,12
BRDA:49,6,0,0
BRDA:49,6,1,0
BRDA:50,7,0,0
BRDA:50,7,1,0
BRDA:56,8,0,0
BRDA:56,8,1,0
BRDA:56,9,0,0
BRDA:56,9,1,0
BRDA:59,10,0,0
BRDA:59,10,1,0
BRF:23
BRH:7
end_of_record
TN:
SF:/Users/dotansimha/Dev/graphql-codegen/src/operation-handler.ts
FN:11,(anonymous_0)
FN:12,(anonymous_1)
FN:22,(anonymous_2)
FN:45,(anonymous_3)
FNF:4
FNH:4
FNDA:10,(anonymous_0)
FNDA:24,(anonymous_1)
FNDA:7,(anonymous_2)
FNDA:15,(anonymous_3)
DA:2,1
DA:3,1
DA:4,1
DA:5,1
DA:6,1
DA:11,1
DA:12,10
DA:13,24
DA:14,24
DA:22,1
DA:23,7
DA:24,7
DA:25,7
DA:26,7
DA:27,7
DA:41,7
DA:42,7
DA:43,7
DA:44,7
DA:45,7
DA:46,15
DA:47,0
DA:50,7
LF:23
LH:22
BRDA:46,0,0,0
BRDA:46,0,1,15
BRDA:46,1,0,15
BRDA:46,1,1,15
BRF:4
BRH:3
end_of_record
TN:
SF:/Users/dotansimha/Dev/graphql-codegen/src/scheme-loader.ts
FN:3,(anonymous_0)
FN:8,(anonymous_1)
FNF:2
FNH:2
FNDA:8,(anonymous_0)
FNDA:6,(anonymous_1)
DA:2,5
DA:3,5
DA:4,8
DA:5,1
DA:8,5
DA:9,6
DA:10,6
LF:7
LH:7
BRDA:4,0,0,1
BRDA:4,0,1,7
BRF:2
BRH:2
end_of_record
TN:
SF:/Users/dotansimha/Dev/graphql-codegen/src/template-loader.ts
FN:5,(anonymous_0)
FN:13,(anonymous_1)
FN:14,(anonymous_2)
FN:16,(anonymous_3)
FN:17,(anonymous_4)
FN:23,(anonymous_5)
FN:23,(anonymous_6)
FN:28,(anonymous_7)
FNF:8
FNH:2
FNDA:3,(anonymous_0)
FNDA:0,(anonymous_1)
FNDA:0,(anonymous_2)
FNDA:0,(anonymous_3)
FNDA:0,(anonymous_4)
FNDA:0,(anonymous_5)
FNDA:0,(anonymous_6)
FNDA:1,(anonymous_7)
DA:2,1
DA:3,1
DA:4,1
DA:5,1
DA:6,3
DA:7,2
DA:10,1
DA:13,1
DA:14,0
DA:16,1
DA:17,0
DA:18,0
DA:19,0
DA:20,0
DA:23,0
DA:24,0
DA:28,1
DA:29,1
LF:18
LH:11
BRDA:6,0,0,2
BRDA:6,0,1,1
BRDA:14,1,0,0
BRDA:14,1,1,0
BRDA:19,2,0,0
BRDA:19,2,1,0
BRF:6
BRH:2
end_of_record
TN:
SF:/Users/dotansimha/Dev/graphql-codegen/src/templates.ts
FN:4,(anonymous_0)
FN:11,(anonymous_1)
FNF:2
FNH:0
FNDA:0,(anonymous_0)
FNDA:0,(anonymous_1)
DA:2,1
DA:3,1
DA:4,1
DA:5,0
DA:6,0
DA:7,0
DA:8,0
DA:9,0
DA:11,1
DA:12,0
LF:10
LH:4
BRF:0
BRH:0
end_of_record
TN:
SF:/Users/dotansimha/Dev/graphql-codegen/src/utils.ts
FN:5,(anonymous_0)
FN:6,(anonymous_1)
FN:6,(anonymous_2)
FN:8,(anonymous_3)
FN:15,(anonymous_4)
FN:18,(anonymous_5)
FN:21,(anonymous_6)
FN:30,getFieldDef
FN:38,(anonymous_8)
FN:39,(anonymous_9)
FN:44,(anonymous_10)
FN:56,(anonymous_11)
FNF:12
FNH:12
FNDA:31,(anonymous_0)
FNDA:147,(anonymous_1)
FNDA:49,(anonymous_2)
FNDA:10,(anonymous_3)
FNDA:191,(anonymous_4)
FNDA:191,(anonymous_5)
FNDA:151,(anonymous_6)
FNDA:152,getFieldDef
FNDA:51,(anonymous_8)
FNDA:63,(anonymous_9)
FNDA:12,(anonymous_10)
FNDA:12,(anonymous_11)
DA:2,4
DA:3,4
DA:4,4
DA:5,4
DA:6,147
DA:8,4
DA:9,10
DA:15,4
DA:16,191
DA:18,4
DA:19,191
DA:21,4
DA:22,151
DA:23,151
DA:24,145
DA:27,6
DA:31,152
DA:32,152
DA:34,152
DA:37,4
DA:38,4
DA:39,63
DA:40,3
DA:42,48
DA:44,4
DA:45,12
DA:47,5
DA:49,3
DA:51,3
DA:53,1
DA:56,4
DA:57,12
LF:32
LH:32
BRDA:9,0,0,10
BRDA:9,0,1,9
BRDA:9,0,2,8
BRDA:9,0,3,7
BRDA:9,0,4,6
BRDA:23,1,0,145
BRDA:23,1,1,6
BRDA:32,2,0,152
BRDA:32,2,1,0
BRDA:32,3,0,152
BRDA:32,3,1,0
BRDA:39,4,0,3
BRDA:39,4,1,48
BRDA:45,5,0,5
BRDA:45,5,1,3
BRDA:45,5,2,3
BRDA:45,5,3,1
BRF:17
BRH:15
end_of_record
